Determining if the pthread_create exist failed with the following output:
Change Dir: /home/tgeng/Stencil/Stencil3D7pt/StencilCUDA/build/CMakeFiles/CMakeTmp

Run Build Command:"/usr/bin/gmake" "cmTC_ded5f/fast"
/usr/bin/gmake -f CMakeFiles/cmTC_ded5f.dir/build.make CMakeFiles/cmTC_ded5f.dir/build
gmake[1]: Entering directory `/home/tgeng/Stencil/Stencil3D7pt/StencilCUDA/build/CMakeFiles/CMakeTmp'
Building C object CMakeFiles/cmTC_ded5f.dir/CheckSymbolExists.c.o
/usr/local/gcc6.2/bin/gcc    -fPIC    -o CMakeFiles/cmTC_ded5f.dir/CheckSymbolExists.c.o   -c /home/tgeng/Stencil/Stencil3D7pt/StencilCUDA/build/CMakeFiles/CMakeTmp/CheckSymbolExists.c
Linking C executable cmTC_ded5f
/usr/local/bin/cmake -E cmake_link_script CMakeFiles/cmTC_ded5f.dir/link.txt --verbose=1
/usr/local/gcc6.2/bin/gcc  -fPIC     CMakeFiles/cmTC_ded5f.dir/CheckSymbolExists.c.o  -o cmTC_ded5f -rdynamic 
CMakeFiles/cmTC_ded5f.dir/CheckSymbolExists.c.o: In function `main':
CheckSymbolExists.c:(.text+0x1b): undefined reference to `pthread_create'
collect2: error: ld returned 1 exit status
gmake[1]: *** [cmTC_ded5f] Error 1
gmake[1]: Leaving directory `/home/tgeng/Stencil/Stencil3D7pt/StencilCUDA/build/CMakeFiles/CMakeTmp'
gmake: *** [cmTC_ded5f/fast] Error 2

File /home/tgeng/Stencil/Stencil3D7pt/StencilCUDA/build/CMakeFiles/CMakeTmp/CheckSymbolExists.c:
/* */
#include <pthread.h>

int main(int argc, char** argv)
{
  (void)argv;
#ifndef pthread_create
  return ((int*)(&pthread_create))[argc];
#else
  (void)argc;
  return 0;
#endif
}

Determining if the function pthread_create exists in the pthreads failed with the following output:
Change Dir: /home/tgeng/Stencil/Stencil3D7pt/StencilCUDA/build/CMakeFiles/CMakeTmp

Run Build Command:"/usr/bin/gmake" "cmTC_35554/fast"
/usr/bin/gmake -f CMakeFiles/cmTC_35554.dir/build.make CMakeFiles/cmTC_35554.dir/build
gmake[1]: Entering directory `/home/tgeng/Stencil/Stencil3D7pt/StencilCUDA/build/CMakeFiles/CMakeTmp'
Building C object CMakeFiles/cmTC_35554.dir/CheckFunctionExists.c.o
/usr/local/gcc6.2/bin/gcc    -fPIC -DCHECK_FUNCTION_EXISTS=pthread_create   -o CMakeFiles/cmTC_35554.dir/CheckFunctionExists.c.o   -c /usr/local/share/cmake-3.5/Modules/CheckFunctionExists.c
Linking C executable cmTC_35554
/usr/local/bin/cmake -E cmake_link_script CMakeFiles/cmTC_35554.dir/link.txt --verbose=1
/usr/local/gcc6.2/bin/gcc  -fPIC -DCHECK_FUNCTION_EXISTS=pthread_create    CMakeFiles/cmTC_35554.dir/CheckFunctionExists.c.o  -o cmTC_35554 -rdynamic -lpthreads 
/usr/bin/ld: cannot find -lpthreads
collect2: error: ld returned 1 exit status
gmake[1]: *** [cmTC_35554] Error 1
gmake[1]: Leaving directory `/home/tgeng/Stencil/Stencil3D7pt/StencilCUDA/build/CMakeFiles/CMakeTmp'
gmake: *** [cmTC_35554/fast] Error 2


