The system is: Linux - 3.10.0-327.22.2.el7.x86_64 - x86_64
Compiling the C compiler identification source file "CMakeCCompilerId.c" succeeded.
Compiler: /usr/bin/cc 
Build flags: 
Id flags: 

The output was:
0


Compilation of the C compiler identification source "CMakeCCompilerId.c" produced "a.out"

The C compiler identification is GNU, found in "/home/tgeng/omp2cd/omp2cd-master1/darts-x86/build/CMakeFiles/3.5.20160322-g0426/CompilerIdC/a.out"

Compiling the CXX compiler identification source file "CMakeCXXCompilerId.cpp" succeeded.
Compiler: /usr/bin/c++ 
Build flags: 
Id flags: 

The output was:
0


Compilation of the CXX compiler identification source "CMakeCXXCompilerId.cpp" produced "a.out"

The CXX compiler identification is GNU, found in "/home/tgeng/omp2cd/omp2cd-master1/darts-x86/build/CMakeFiles/3.5.20160322-g0426/CompilerIdCXX/a.out"

Determining if the C compiler works passed with the following output:
Change Dir: /home/tgeng/omp2cd/omp2cd-master1/darts-x86/build/CMakeFiles/CMakeTmp

Run Build Command:"/usr/bin/gmake" "cmTC_92245/fast"
/usr/bin/gmake -f CMakeFiles/cmTC_92245.dir/build.make CMakeFiles/cmTC_92245.dir/build
gmake[1]: Entering directory `/home/tgeng/omp2cd/omp2cd-master1/darts-x86/build/CMakeFiles/CMakeTmp'
Building C object CMakeFiles/cmTC_92245.dir/testCCompiler.c.o
/usr/bin/cc     -o CMakeFiles/cmTC_92245.dir/testCCompiler.c.o   -c /home/tgeng/omp2cd/omp2cd-master1/darts-x86/build/CMakeFiles/CMakeTmp/testCCompiler.c
Linking C executable cmTC_92245
/usr/local/bin/cmake -E cmake_link_script CMakeFiles/cmTC_92245.dir/link.txt --verbose=1
/usr/bin/cc       CMakeFiles/cmTC_92245.dir/testCCompiler.c.o  -o cmTC_92245 -rdynamic 
gmake[1]: Leaving directory `/home/tgeng/omp2cd/omp2cd-master1/darts-x86/build/CMakeFiles/CMakeTmp'


Detecting C compiler ABI info compiled with the following output:
Change Dir: /home/tgeng/omp2cd/omp2cd-master1/darts-x86/build/CMakeFiles/CMakeTmp

Run Build Command:"/usr/bin/gmake" "cmTC_4ce79/fast"
/usr/bin/gmake -f CMakeFiles/cmTC_4ce79.dir/build.make CMakeFiles/cmTC_4ce79.dir/build
gmake[1]: Entering directory `/home/tgeng/omp2cd/omp2cd-master1/darts-x86/build/CMakeFiles/CMakeTmp'
Building C object CMakeFiles/cmTC_4ce79.dir/CMakeCCompilerABI.c.o
/usr/bin/cc     -o CMakeFiles/cmTC_4ce79.dir/CMakeCCompilerABI.c.o   -c /usr/local/share/cmake-3.5/Modules/CMakeCCompilerABI.c
Linking C executable cmTC_4ce79
/usr/local/bin/cmake -E cmake_link_script CMakeFiles/cmTC_4ce79.dir/link.txt --verbose=1
/usr/bin/cc      -v CMakeFiles/cmTC_4ce79.dir/CMakeCCompilerABI.c.o  -o cmTC_4ce79 -rdynamic  
Using built-in specs.
COLLECT_GCC=/usr/bin/cc
COLLECT_LTO_WRAPPER=/usr/local/gcc6.2/bin/../libexec/gcc/x86_64-pc-linux-gnu/6.2.0/lto-wrapper
Target: x86_64-pc-linux-gnu
Configured with: /usr/local/gcc6.2/objdir/../installFiles/configure --enable-threads --prefix=/root/gcc6.2 --disable-multilib --enable-languages=c,c++,fortran,go,objc,obj-c++ --enable-lto
Thread model: posix
gcc version 6.2.0 (GCC) 
COMPILER_PATH=/usr/local/gcc6.2/bin/../libexec/gcc/x86_64-pc-linux-gnu/6.2.0/:/usr/local/gcc6.2/bin/../libexec/gcc/
LIBRARY_PATH=/usr/local/gcc6.2/bin/../lib/gcc/x86_64-pc-linux-gnu/6.2.0/:/usr/local/gcc6.2/bin/../lib/gcc/:/usr/local/gcc6.2/bin/../lib/gcc/x86_64-pc-linux-gnu/6.2.0/../../../../lib64/:/lib/../lib64/:/usr/lib/../lib64/:/usr/local/gcc6.2/bin/../lib/gcc/x86_64-pc-linux-gnu/6.2.0/../../../:/lib/:/usr/lib/
COLLECT_GCC_OPTIONS='-v' '-o' 'cmTC_4ce79' '-rdynamic' '-mtune=generic' '-march=x86-64'
 /usr/local/gcc6.2/bin/../libexec/gcc/x86_64-pc-linux-gnu/6.2.0/collect2 -plugin /usr/local/gcc6.2/bin/../libexec/gcc/x86_64-pc-linux-gnu/6.2.0/liblto_plugin.so -plugin-opt=/usr/local/gcc6.2/bin/../libexec/gcc/x86_64-pc-linux-gnu/6.2.0/lto-wrapper -plugin-opt=-fresolution=/tmp/ccy5GAJU.res -plugin-opt=-pass-through=-lgcc -plugin-opt=-pass-through=-lgcc_s -plugin-opt=-pass-through=-lc -plugin-opt=-pass-through=-lgcc -plugin-opt=-pass-through=-lgcc_s --eh-frame-hdr -m elf_x86_64 -export-dynamic -dynamic-linker /lib64/ld-linux-x86-64.so.2 -o cmTC_4ce79 /lib/../lib64/crt1.o /lib/../lib64/crti.o /usr/local/gcc6.2/bin/../lib/gcc/x86_64-pc-linux-gnu/6.2.0/crtbegin.o -L/usr/local/gcc6.2/bin/../lib/gcc/x86_64-pc-linux-gnu/6.2.0 -L/usr/local/gcc6.2/bin/../lib/gcc -L/usr/local/gcc6.2/bin/../lib/gcc/x86_64-pc-linux-gnu/6.2.0/../../../../lib64 -L/lib/../lib64 -L/usr/lib/../lib64 -L/usr/local/gcc6.2/bin/../lib/gcc/x86_64-pc-linux-gnu/6.2.0/../../.. CMakeFiles/cmTC_4ce79.dir/CMakeCCompilerABI.c.o -lgcc --as-needed -lgcc_s --no-as-needed -lc -lgcc --as-needed -lgcc_s --no-as-needed /usr/local/gcc6.2/bin/../lib/gcc/x86_64-pc-linux-gnu/6.2.0/crtend.o /lib/../lib64/crtn.o
COLLECT_GCC_OPTIONS='-v' '-o' 'cmTC_4ce79' '-rdynamic' '-mtune=generic' '-march=x86-64'
gmake[1]: Leaving directory `/home/tgeng/omp2cd/omp2cd-master1/darts-x86/build/CMakeFiles/CMakeTmp'


Parsed C implicit link information from above output:
  link line regex: [^( *|.*[/\])(ld|([^/\]+-)?ld|collect2)[^/\]*( |$)]
  ignore line: [Change Dir: /home/tgeng/omp2cd/omp2cd-master1/darts-x86/build/CMakeFiles/CMakeTmp]
  ignore line: []
  ignore line: [Run Build Command:"/usr/bin/gmake" "cmTC_4ce79/fast"]
  ignore line: [/usr/bin/gmake -f CMakeFiles/cmTC_4ce79.dir/build.make CMakeFiles/cmTC_4ce79.dir/build]
  ignore line: [gmake[1]: Entering directory `/home/tgeng/omp2cd/omp2cd-master1/darts-x86/build/CMakeFiles/CMakeTmp']
  ignore line: [Building C object CMakeFiles/cmTC_4ce79.dir/CMakeCCompilerABI.c.o]
  ignore line: [/usr/bin/cc     -o CMakeFiles/cmTC_4ce79.dir/CMakeCCompilerABI.c.o   -c /usr/local/share/cmake-3.5/Modules/CMakeCCompilerABI.c]
  ignore line: [Linking C executable cmTC_4ce79]
  ignore line: [/usr/local/bin/cmake -E cmake_link_script CMakeFiles/cmTC_4ce79.dir/link.txt --verbose=1]
  ignore line: [/usr/bin/cc      -v CMakeFiles/cmTC_4ce79.dir/CMakeCCompilerABI.c.o  -o cmTC_4ce79 -rdynamic  ]
  ignore line: [Using built-in specs.]
  ignore line: [COLLECT_GCC=/usr/bin/cc]
  ignore line: [COLLECT_LTO_WRAPPER=/usr/local/gcc6.2/bin/../libexec/gcc/x86_64-pc-linux-gnu/6.2.0/lto-wrapper]
  ignore line: [Target: x86_64-pc-linux-gnu]
  ignore line: [Configured with: /usr/local/gcc6.2/objdir/../installFiles/configure --enable-threads --prefix=/root/gcc6.2 --disable-multilib --enable-languages=c,c++,fortran,go,objc,obj-c++ --enable-lto]
  ignore line: [Thread model: posix]
  ignore line: [gcc version 6.2.0 (GCC) ]
  ignore line: [COMPILER_PATH=/usr/local/gcc6.2/bin/../libexec/gcc/x86_64-pc-linux-gnu/6.2.0/:/usr/local/gcc6.2/bin/../libexec/gcc/]
  ignore line: [LIBRARY_PATH=/usr/local/gcc6.2/bin/../lib/gcc/x86_64-pc-linux-gnu/6.2.0/:/usr/local/gcc6.2/bin/../lib/gcc/:/usr/local/gcc6.2/bin/../lib/gcc/x86_64-pc-linux-gnu/6.2.0/../../../../lib64/:/lib/../lib64/:/usr/lib/../lib64/:/usr/local/gcc6.2/bin/../lib/gcc/x86_64-pc-linux-gnu/6.2.0/../../../:/lib/:/usr/lib/]
  ignore line: [COLLECT_GCC_OPTIONS='-v' '-o' 'cmTC_4ce79' '-rdynamic' '-mtune=generic' '-march=x86-64']
  link line: [ /usr/local/gcc6.2/bin/../libexec/gcc/x86_64-pc-linux-gnu/6.2.0/collect2 -plugin /usr/local/gcc6.2/bin/../libexec/gcc/x86_64-pc-linux-gnu/6.2.0/liblto_plugin.so -plugin-opt=/usr/local/gcc6.2/bin/../libexec/gcc/x86_64-pc-linux-gnu/6.2.0/lto-wrapper -plugin-opt=-fresolution=/tmp/ccy5GAJU.res -plugin-opt=-pass-through=-lgcc -plugin-opt=-pass-through=-lgcc_s -plugin-opt=-pass-through=-lc -plugin-opt=-pass-through=-lgcc -plugin-opt=-pass-through=-lgcc_s --eh-frame-hdr -m elf_x86_64 -export-dynamic -dynamic-linker /lib64/ld-linux-x86-64.so.2 -o cmTC_4ce79 /lib/../lib64/crt1.o /lib/../lib64/crti.o /usr/local/gcc6.2/bin/../lib/gcc/x86_64-pc-linux-gnu/6.2.0/crtbegin.o -L/usr/local/gcc6.2/bin/../lib/gcc/x86_64-pc-linux-gnu/6.2.0 -L/usr/local/gcc6.2/bin/../lib/gcc -L/usr/local/gcc6.2/bin/../lib/gcc/x86_64-pc-linux-gnu/6.2.0/../../../../lib64 -L/lib/../lib64 -L/usr/lib/../lib64 -L/usr/local/gcc6.2/bin/../lib/gcc/x86_64-pc-linux-gnu/6.2.0/../../.. CMakeFiles/cmTC_4ce79.dir/CMakeCCompilerABI.c.o -lgcc --as-needed -lgcc_s --no-as-needed -lc -lgcc --as-needed -lgcc_s --no-as-needed /usr/local/gcc6.2/bin/../lib/gcc/x86_64-pc-linux-gnu/6.2.0/crtend.o /lib/../lib64/crtn.o]
    arg [/usr/local/gcc6.2/bin/../libexec/gcc/x86_64-pc-linux-gnu/6.2.0/collect2] ==> ignore
    arg [-plugin] ==> ignore
    arg [/usr/local/gcc6.2/bin/../libexec/gcc/x86_64-pc-linux-gnu/6.2.0/liblto_plugin.so] ==> ignore
    arg [-plugin-opt=/usr/local/gcc6.2/bin/../libexec/gcc/x86_64-pc-linux-gnu/6.2.0/lto-wrapper] ==> ignore
    arg [-plugin-opt=-fresolution=/tmp/ccy5GAJU.res] ==> ignore
    arg [-plugin-opt=-pass-through=-lgcc] ==> ignore
    arg [-plugin-opt=-pass-through=-lgcc_s] ==> ignore
    arg [-plugin-opt=-pass-through=-lc] ==> ignore
    arg [-plugin-opt=-pass-through=-lgcc] ==> ignore
    arg [-plugin-opt=-pass-through=-lgcc_s] ==> ignore
    arg [--eh-frame-hdr] ==> ignore
    arg [-m] ==> ignore
    arg [elf_x86_64] ==> ignore
    arg [-export-dynamic] ==> ignore
    arg [-dynamic-linker] ==> ignore
    arg [/lib64/ld-linux-x86-64.so.2] ==> ignore
    arg [-o] ==> ignore
    arg [cmTC_4ce79] ==> ignore
    arg [/lib/../lib64/crt1.o] ==> ignore
    arg [/lib/../lib64/crti.o] ==> ignore
    arg [/usr/local/gcc6.2/bin/../lib/gcc/x86_64-pc-linux-gnu/6.2.0/crtbegin.o] ==> ignore
    arg [-L/usr/local/gcc6.2/bin/../lib/gcc/x86_64-pc-linux-gnu/6.2.0] ==> dir [/usr/local/gcc6.2/bin/../lib/gcc/x86_64-pc-linux-gnu/6.2.0]
    arg [-L/usr/local/gcc6.2/bin/../lib/gcc] ==> dir [/usr/local/gcc6.2/bin/../lib/gcc]
    arg [-L/usr/local/gcc6.2/bin/../lib/gcc/x86_64-pc-linux-gnu/6.2.0/../../../../lib64] ==> dir [/usr/local/gcc6.2/bin/../lib/gcc/x86_64-pc-linux-gnu/6.2.0/../../../../lib64]
    arg [-L/lib/../lib64] ==> dir [/lib/../lib64]
    arg [-L/usr/lib/../lib64] ==> dir [/usr/lib/../lib64]
    arg [-L/usr/local/gcc6.2/bin/../lib/gcc/x86_64-pc-linux-gnu/6.2.0/../../..] ==> dir [/usr/local/gcc6.2/bin/../lib/gcc/x86_64-pc-linux-gnu/6.2.0/../../..]
    arg [CMakeFiles/cmTC_4ce79.dir/CMakeCCompilerABI.c.o] ==> ignore
    arg [-lgcc] ==> lib [gcc]
    arg [--as-needed] ==> ignore
    arg [-lgcc_s] ==> lib [gcc_s]
    arg [--no-as-needed] ==> ignore
    arg [-lc] ==> lib [c]
    arg [-lgcc] ==> lib [gcc]
    arg [--as-needed] ==> ignore
    arg [-lgcc_s] ==> lib [gcc_s]
    arg [--no-as-needed] ==> ignore
    arg [/usr/local/gcc6.2/bin/../lib/gcc/x86_64-pc-linux-gnu/6.2.0/crtend.o] ==> ignore
    arg [/lib/../lib64/crtn.o] ==> ignore
  remove lib [gcc]
  remove lib [gcc_s]
  remove lib [gcc]
  remove lib [gcc_s]
  collapse library dir [/usr/local/gcc6.2/bin/../lib/gcc/x86_64-pc-linux-gnu/6.2.0] ==> [/usr/local/gcc6.2/lib/gcc/x86_64-pc-linux-gnu/6.2.0]
  collapse library dir [/usr/local/gcc6.2/bin/../lib/gcc] ==> [/usr/local/gcc6.2/lib/gcc]
  collapse library dir [/usr/local/gcc6.2/bin/../lib/gcc/x86_64-pc-linux-gnu/6.2.0/../../../../lib64] ==> [/usr/local/gcc6.2/lib64]
  collapse library dir [/lib/../lib64] ==> [/lib64]
  collapse library dir [/usr/lib/../lib64] ==> [/usr/lib64]
  collapse library dir [/usr/local/gcc6.2/bin/../lib/gcc/x86_64-pc-linux-gnu/6.2.0/../../..] ==> [/usr/local/gcc6.2/lib]
  implicit libs: [c]
  implicit dirs: [/usr/local/gcc6.2/lib/gcc/x86_64-pc-linux-gnu/6.2.0;/usr/local/gcc6.2/lib/gcc;/usr/local/gcc6.2/lib64;/lib64;/usr/lib64;/usr/local/gcc6.2/lib]
  implicit fwks: []




Detecting C [-std=c11] compiler features compiled with the following output:
Change Dir: /home/tgeng/omp2cd/omp2cd-master1/darts-x86/build/CMakeFiles/CMakeTmp

Run Build Command:"/usr/bin/gmake" "cmTC_90775/fast"
/usr/bin/gmake -f CMakeFiles/cmTC_90775.dir/build.make CMakeFiles/cmTC_90775.dir/build
gmake[1]: Entering directory `/home/tgeng/omp2cd/omp2cd-master1/darts-x86/build/CMakeFiles/CMakeTmp'
Building C object CMakeFiles/cmTC_90775.dir/feature_tests.c.o
/usr/bin/cc    -std=c11 -o CMakeFiles/cmTC_90775.dir/feature_tests.c.o   -c /home/tgeng/omp2cd/omp2cd-master1/darts-x86/build/CMakeFiles/feature_tests.c
Linking C executable cmTC_90775
/usr/local/bin/cmake -E cmake_link_script CMakeFiles/cmTC_90775.dir/link.txt --verbose=1
/usr/bin/cc       CMakeFiles/cmTC_90775.dir/feature_tests.c.o  -o cmTC_90775 -rdynamic 
gmake[1]: Leaving directory `/home/tgeng/omp2cd/omp2cd-master1/darts-x86/build/CMakeFiles/CMakeTmp'


    Feature record: C_FEATURE:1c_function_prototypes
    Feature record: C_FEATURE:1c_restrict
    Feature record: C_FEATURE:1c_static_assert
    Feature record: C_FEATURE:1c_variadic_macros


Detecting C [-std=c99] compiler features compiled with the following output:
Change Dir: /home/tgeng/omp2cd/omp2cd-master1/darts-x86/build/CMakeFiles/CMakeTmp

Run Build Command:"/usr/bin/gmake" "cmTC_ec534/fast"
/usr/bin/gmake -f CMakeFiles/cmTC_ec534.dir/build.make CMakeFiles/cmTC_ec534.dir/build
gmake[1]: Entering directory `/home/tgeng/omp2cd/omp2cd-master1/darts-x86/build/CMakeFiles/CMakeTmp'
Building C object CMakeFiles/cmTC_ec534.dir/feature_tests.c.o
/usr/bin/cc    -std=c99 -o CMakeFiles/cmTC_ec534.dir/feature_tests.c.o   -c /home/tgeng/omp2cd/omp2cd-master1/darts-x86/build/CMakeFiles/feature_tests.c
Linking C executable cmTC_ec534
/usr/local/bin/cmake -E cmake_link_script CMakeFiles/cmTC_ec534.dir/link.txt --verbose=1
/usr/bin/cc       CMakeFiles/cmTC_ec534.dir/feature_tests.c.o  -o cmTC_ec534 -rdynamic 
gmake[1]: Leaving directory `/home/tgeng/omp2cd/omp2cd-master1/darts-x86/build/CMakeFiles/CMakeTmp'


    Feature record: C_FEATURE:1c_function_prototypes
    Feature record: C_FEATURE:1c_restrict
    Feature record: C_FEATURE:0c_static_assert
    Feature record: C_FEATURE:1c_variadic_macros


Detecting C [-std=c90] compiler features compiled with the following output:
Change Dir: /home/tgeng/omp2cd/omp2cd-master1/darts-x86/build/CMakeFiles/CMakeTmp

Run Build Command:"/usr/bin/gmake" "cmTC_17232/fast"
/usr/bin/gmake -f CMakeFiles/cmTC_17232.dir/build.make CMakeFiles/cmTC_17232.dir/build
gmake[1]: Entering directory `/home/tgeng/omp2cd/omp2cd-master1/darts-x86/build/CMakeFiles/CMakeTmp'
Building C object CMakeFiles/cmTC_17232.dir/feature_tests.c.o
/usr/bin/cc    -std=c90 -o CMakeFiles/cmTC_17232.dir/feature_tests.c.o   -c /home/tgeng/omp2cd/omp2cd-master1/darts-x86/build/CMakeFiles/feature_tests.c
Linking C executable cmTC_17232
/usr/local/bin/cmake -E cmake_link_script CMakeFiles/cmTC_17232.dir/link.txt --verbose=1
/usr/bin/cc       CMakeFiles/cmTC_17232.dir/feature_tests.c.o  -o cmTC_17232 -rdynamic 
gmake[1]: Leaving directory `/home/tgeng/omp2cd/omp2cd-master1/darts-x86/build/CMakeFiles/CMakeTmp'


    Feature record: C_FEATURE:1c_function_prototypes
    Feature record: C_FEATURE:0c_restrict
    Feature record: C_FEATURE:0c_static_assert
    Feature record: C_FEATURE:0c_variadic_macros
Determining if the CXX compiler works passed with the following output:
Change Dir: /home/tgeng/omp2cd/omp2cd-master1/darts-x86/build/CMakeFiles/CMakeTmp

Run Build Command:"/usr/bin/gmake" "cmTC_2b9ac/fast"
/usr/bin/gmake -f CMakeFiles/cmTC_2b9ac.dir/build.make CMakeFiles/cmTC_2b9ac.dir/build
gmake[1]: Entering directory `/home/tgeng/omp2cd/omp2cd-master1/darts-x86/build/CMakeFiles/CMakeTmp'
Building CXX object CMakeFiles/cmTC_2b9ac.dir/testCXXCompiler.cxx.o
/usr/bin/c++      -o CMakeFiles/cmTC_2b9ac.dir/testCXXCompiler.cxx.o -c /home/tgeng/omp2cd/omp2cd-master1/darts-x86/build/CMakeFiles/CMakeTmp/testCXXCompiler.cxx
Linking CXX executable cmTC_2b9ac
/usr/local/bin/cmake -E cmake_link_script CMakeFiles/cmTC_2b9ac.dir/link.txt --verbose=1
/usr/bin/c++        CMakeFiles/cmTC_2b9ac.dir/testCXXCompiler.cxx.o  -o cmTC_2b9ac -rdynamic 
gmake[1]: Leaving directory `/home/tgeng/omp2cd/omp2cd-master1/darts-x86/build/CMakeFiles/CMakeTmp'


Detecting CXX compiler ABI info compiled with the following output:
Change Dir: /home/tgeng/omp2cd/omp2cd-master1/darts-x86/build/CMakeFiles/CMakeTmp

Run Build Command:"/usr/bin/gmake" "cmTC_08d50/fast"
/usr/bin/gmake -f CMakeFiles/cmTC_08d50.dir/build.make CMakeFiles/cmTC_08d50.dir/build
gmake[1]: Entering directory `/home/tgeng/omp2cd/omp2cd-master1/darts-x86/build/CMakeFiles/CMakeTmp'
Building CXX object CMakeFiles/cmTC_08d50.dir/CMakeCXXCompilerABI.cpp.o
/usr/bin/c++      -o CMakeFiles/cmTC_08d50.dir/CMakeCXXCompilerABI.cpp.o -c /usr/local/share/cmake-3.5/Modules/CMakeCXXCompilerABI.cpp
Linking CXX executable cmTC_08d50
/usr/local/bin/cmake -E cmake_link_script CMakeFiles/cmTC_08d50.dir/link.txt --verbose=1
/usr/bin/c++       -v CMakeFiles/cmTC_08d50.dir/CMakeCXXCompilerABI.cpp.o  -o cmTC_08d50 -rdynamic  
Using built-in specs.
COLLECT_GCC=/usr/bin/c++
COLLECT_LTO_WRAPPER=/usr/local/gcc6.2/bin/../libexec/gcc/x86_64-pc-linux-gnu/6.2.0/lto-wrapper
Target: x86_64-pc-linux-gnu
Configured with: /usr/local/gcc6.2/objdir/../installFiles/configure --enable-threads --prefix=/root/gcc6.2 --disable-multilib --enable-languages=c,c++,fortran,go,objc,obj-c++ --enable-lto
Thread model: posix
gcc version 6.2.0 (GCC) 
COMPILER_PATH=/usr/local/gcc6.2/bin/../libexec/gcc/x86_64-pc-linux-gnu/6.2.0/:/usr/local/gcc6.2/bin/../libexec/gcc/
LIBRARY_PATH=/usr/local/gcc6.2/bin/../lib/gcc/x86_64-pc-linux-gnu/6.2.0/:/usr/local/gcc6.2/bin/../lib/gcc/:/usr/local/gcc6.2/bin/../lib/gcc/x86_64-pc-linux-gnu/6.2.0/../../../../lib64/:/lib/../lib64/:/usr/lib/../lib64/:/usr/local/gcc6.2/bin/../lib/gcc/x86_64-pc-linux-gnu/6.2.0/../../../:/lib/:/usr/lib/
COLLECT_GCC_OPTIONS='-v' '-o' 'cmTC_08d50' '-rdynamic' '-shared-libgcc' '-mtune=generic' '-march=x86-64'
 /usr/local/gcc6.2/bin/../libexec/gcc/x86_64-pc-linux-gnu/6.2.0/collect2 -plugin /usr/local/gcc6.2/bin/../libexec/gcc/x86_64-pc-linux-gnu/6.2.0/liblto_plugin.so -plugin-opt=/usr/local/gcc6.2/bin/../libexec/gcc/x86_64-pc-linux-gnu/6.2.0/lto-wrapper -plugin-opt=-fresolution=/tmp/ccyOSaLV.res -plugin-opt=-pass-through=-lgcc_s -plugin-opt=-pass-through=-lgcc -plugin-opt=-pass-through=-lc -plugin-opt=-pass-through=-lgcc_s -plugin-opt=-pass-through=-lgcc --eh-frame-hdr -m elf_x86_64 -export-dynamic -dynamic-linker /lib64/ld-linux-x86-64.so.2 -o cmTC_08d50 /lib/../lib64/crt1.o /lib/../lib64/crti.o /usr/local/gcc6.2/bin/../lib/gcc/x86_64-pc-linux-gnu/6.2.0/crtbegin.o -L/usr/local/gcc6.2/bin/../lib/gcc/x86_64-pc-linux-gnu/6.2.0 -L/usr/local/gcc6.2/bin/../lib/gcc -L/usr/local/gcc6.2/bin/../lib/gcc/x86_64-pc-linux-gnu/6.2.0/../../../../lib64 -L/lib/../lib64 -L/usr/lib/../lib64 -L/usr/local/gcc6.2/bin/../lib/gcc/x86_64-pc-linux-gnu/6.2.0/../../.. CMakeFiles/cmTC_08d50.dir/CMakeCXXCompilerABI.cpp.o -lstdc++ -lm -lgcc_s -lgcc -lc -lgcc_s -lgcc /usr/local/gcc6.2/bin/../lib/gcc/x86_64-pc-linux-gnu/6.2.0/crtend.o /lib/../lib64/crtn.o
COLLECT_GCC_OPTIONS='-v' '-o' 'cmTC_08d50' '-rdynamic' '-shared-libgcc' '-mtune=generic' '-march=x86-64'
gmake[1]: Leaving directory `/home/tgeng/omp2cd/omp2cd-master1/darts-x86/build/CMakeFiles/CMakeTmp'


Parsed CXX implicit link information from above output:
  link line regex: [^( *|.*[/\])(ld|([^/\]+-)?ld|collect2)[^/\]*( |$)]
  ignore line: [Change Dir: /home/tgeng/omp2cd/omp2cd-master1/darts-x86/build/CMakeFiles/CMakeTmp]
  ignore line: []
  ignore line: [Run Build Command:"/usr/bin/gmake" "cmTC_08d50/fast"]
  ignore line: [/usr/bin/gmake -f CMakeFiles/cmTC_08d50.dir/build.make CMakeFiles/cmTC_08d50.dir/build]
  ignore line: [gmake[1]: Entering directory `/home/tgeng/omp2cd/omp2cd-master1/darts-x86/build/CMakeFiles/CMakeTmp']
  ignore line: [Building CXX object CMakeFiles/cmTC_08d50.dir/CMakeCXXCompilerABI.cpp.o]
  ignore line: [/usr/bin/c++      -o CMakeFiles/cmTC_08d50.dir/CMakeCXXCompilerABI.cpp.o -c /usr/local/share/cmake-3.5/Modules/CMakeCXXCompilerABI.cpp]
  ignore line: [Linking CXX executable cmTC_08d50]
  ignore line: [/usr/local/bin/cmake -E cmake_link_script CMakeFiles/cmTC_08d50.dir/link.txt --verbose=1]
  ignore line: [/usr/bin/c++       -v CMakeFiles/cmTC_08d50.dir/CMakeCXXCompilerABI.cpp.o  -o cmTC_08d50 -rdynamic  ]
  ignore line: [Using built-in specs.]
  ignore line: [COLLECT_GCC=/usr/bin/c++]
  ignore line: [COLLECT_LTO_WRAPPER=/usr/local/gcc6.2/bin/../libexec/gcc/x86_64-pc-linux-gnu/6.2.0/lto-wrapper]
  ignore line: [Target: x86_64-pc-linux-gnu]
  ignore line: [Configured with: /usr/local/gcc6.2/objdir/../installFiles/configure --enable-threads --prefix=/root/gcc6.2 --disable-multilib --enable-languages=c,c++,fortran,go,objc,obj-c++ --enable-lto]
  ignore line: [Thread model: posix]
  ignore line: [gcc version 6.2.0 (GCC) ]
  ignore line: [COMPILER_PATH=/usr/local/gcc6.2/bin/../libexec/gcc/x86_64-pc-linux-gnu/6.2.0/:/usr/local/gcc6.2/bin/../libexec/gcc/]
  ignore line: [LIBRARY_PATH=/usr/local/gcc6.2/bin/../lib/gcc/x86_64-pc-linux-gnu/6.2.0/:/usr/local/gcc6.2/bin/../lib/gcc/:/usr/local/gcc6.2/bin/../lib/gcc/x86_64-pc-linux-gnu/6.2.0/../../../../lib64/:/lib/../lib64/:/usr/lib/../lib64/:/usr/local/gcc6.2/bin/../lib/gcc/x86_64-pc-linux-gnu/6.2.0/../../../:/lib/:/usr/lib/]
  ignore line: [COLLECT_GCC_OPTIONS='-v' '-o' 'cmTC_08d50' '-rdynamic' '-shared-libgcc' '-mtune=generic' '-march=x86-64']
  link line: [ /usr/local/gcc6.2/bin/../libexec/gcc/x86_64-pc-linux-gnu/6.2.0/collect2 -plugin /usr/local/gcc6.2/bin/../libexec/gcc/x86_64-pc-linux-gnu/6.2.0/liblto_plugin.so -plugin-opt=/usr/local/gcc6.2/bin/../libexec/gcc/x86_64-pc-linux-gnu/6.2.0/lto-wrapper -plugin-opt=-fresolution=/tmp/ccyOSaLV.res -plugin-opt=-pass-through=-lgcc_s -plugin-opt=-pass-through=-lgcc -plugin-opt=-pass-through=-lc -plugin-opt=-pass-through=-lgcc_s -plugin-opt=-pass-through=-lgcc --eh-frame-hdr -m elf_x86_64 -export-dynamic -dynamic-linker /lib64/ld-linux-x86-64.so.2 -o cmTC_08d50 /lib/../lib64/crt1.o /lib/../lib64/crti.o /usr/local/gcc6.2/bin/../lib/gcc/x86_64-pc-linux-gnu/6.2.0/crtbegin.o -L/usr/local/gcc6.2/bin/../lib/gcc/x86_64-pc-linux-gnu/6.2.0 -L/usr/local/gcc6.2/bin/../lib/gcc -L/usr/local/gcc6.2/bin/../lib/gcc/x86_64-pc-linux-gnu/6.2.0/../../../../lib64 -L/lib/../lib64 -L/usr/lib/../lib64 -L/usr/local/gcc6.2/bin/../lib/gcc/x86_64-pc-linux-gnu/6.2.0/../../.. CMakeFiles/cmTC_08d50.dir/CMakeCXXCompilerABI.cpp.o -lstdc++ -lm -lgcc_s -lgcc -lc -lgcc_s -lgcc /usr/local/gcc6.2/bin/../lib/gcc/x86_64-pc-linux-gnu/6.2.0/crtend.o /lib/../lib64/crtn.o]
    arg [/usr/local/gcc6.2/bin/../libexec/gcc/x86_64-pc-linux-gnu/6.2.0/collect2] ==> ignore
    arg [-plugin] ==> ignore
    arg [/usr/local/gcc6.2/bin/../libexec/gcc/x86_64-pc-linux-gnu/6.2.0/liblto_plugin.so] ==> ignore
    arg [-plugin-opt=/usr/local/gcc6.2/bin/../libexec/gcc/x86_64-pc-linux-gnu/6.2.0/lto-wrapper] ==> ignore
    arg [-plugin-opt=-fresolution=/tmp/ccyOSaLV.res] ==> ignore
    arg [-plugin-opt=-pass-through=-lgcc_s] ==> ignore
    arg [-plugin-opt=-pass-through=-lgcc] ==> ignore
    arg [-plugin-opt=-pass-through=-lc] ==> ignore
    arg [-plugin-opt=-pass-through=-lgcc_s] ==> ignore
    arg [-plugin-opt=-pass-through=-lgcc] ==> ignore
    arg [--eh-frame-hdr] ==> ignore
    arg [-m] ==> ignore
    arg [elf_x86_64] ==> ignore
    arg [-export-dynamic] ==> ignore
    arg [-dynamic-linker] ==> ignore
    arg [/lib64/ld-linux-x86-64.so.2] ==> ignore
    arg [-o] ==> ignore
    arg [cmTC_08d50] ==> ignore
    arg [/lib/../lib64/crt1.o] ==> ignore
    arg [/lib/../lib64/crti.o] ==> ignore
    arg [/usr/local/gcc6.2/bin/../lib/gcc/x86_64-pc-linux-gnu/6.2.0/crtbegin.o] ==> ignore
    arg [-L/usr/local/gcc6.2/bin/../lib/gcc/x86_64-pc-linux-gnu/6.2.0] ==> dir [/usr/local/gcc6.2/bin/../lib/gcc/x86_64-pc-linux-gnu/6.2.0]
    arg [-L/usr/local/gcc6.2/bin/../lib/gcc] ==> dir [/usr/local/gcc6.2/bin/../lib/gcc]
    arg [-L/usr/local/gcc6.2/bin/../lib/gcc/x86_64-pc-linux-gnu/6.2.0/../../../../lib64] ==> dir [/usr/local/gcc6.2/bin/../lib/gcc/x86_64-pc-linux-gnu/6.2.0/../../../../lib64]
    arg [-L/lib/../lib64] ==> dir [/lib/../lib64]
    arg [-L/usr/lib/../lib64] ==> dir [/usr/lib/../lib64]
    arg [-L/usr/local/gcc6.2/bin/../lib/gcc/x86_64-pc-linux-gnu/6.2.0/../../..] ==> dir [/usr/local/gcc6.2/bin/../lib/gcc/x86_64-pc-linux-gnu/6.2.0/../../..]
    arg [CMakeFiles/cmTC_08d50.dir/CMakeCXXCompilerABI.cpp.o] ==> ignore
    arg [-lstdc++] ==> lib [stdc++]
    arg [-lm] ==> lib [m]
    arg [-lgcc_s] ==> lib [gcc_s]
    arg [-lgcc] ==> lib [gcc]
    arg [-lc] ==> lib [c]
    arg [-lgcc_s] ==> lib [gcc_s]
    arg [-lgcc] ==> lib [gcc]
    arg [/usr/local/gcc6.2/bin/../lib/gcc/x86_64-pc-linux-gnu/6.2.0/crtend.o] ==> ignore
    arg [/lib/../lib64/crtn.o] ==> ignore
  remove lib [gcc_s]
  remove lib [gcc]
  remove lib [gcc_s]
  remove lib [gcc]
  collapse library dir [/usr/local/gcc6.2/bin/../lib/gcc/x86_64-pc-linux-gnu/6.2.0] ==> [/usr/local/gcc6.2/lib/gcc/x86_64-pc-linux-gnu/6.2.0]
  collapse library dir [/usr/local/gcc6.2/bin/../lib/gcc] ==> [/usr/local/gcc6.2/lib/gcc]
  collapse library dir [/usr/local/gcc6.2/bin/../lib/gcc/x86_64-pc-linux-gnu/6.2.0/../../../../lib64] ==> [/usr/local/gcc6.2/lib64]
  collapse library dir [/lib/../lib64] ==> [/lib64]
  collapse library dir [/usr/lib/../lib64] ==> [/usr/lib64]
  collapse library dir [/usr/local/gcc6.2/bin/../lib/gcc/x86_64-pc-linux-gnu/6.2.0/../../..] ==> [/usr/local/gcc6.2/lib]
  implicit libs: [stdc++;m;c]
  implicit dirs: [/usr/local/gcc6.2/lib/gcc/x86_64-pc-linux-gnu/6.2.0;/usr/local/gcc6.2/lib/gcc;/usr/local/gcc6.2/lib64;/lib64;/usr/lib64;/usr/local/gcc6.2/lib]
  implicit fwks: []




Detecting CXX [-std=c++14] compiler features compiled with the following output:
Change Dir: /home/tgeng/omp2cd/omp2cd-master1/darts-x86/build/CMakeFiles/CMakeTmp

Run Build Command:"/usr/bin/gmake" "cmTC_f9bfe/fast"
/usr/bin/gmake -f CMakeFiles/cmTC_f9bfe.dir/build.make CMakeFiles/cmTC_f9bfe.dir/build
gmake[1]: Entering directory `/home/tgeng/omp2cd/omp2cd-master1/darts-x86/build/CMakeFiles/CMakeTmp'
Building CXX object CMakeFiles/cmTC_f9bfe.dir/feature_tests.cxx.o
/usr/bin/c++     -std=c++14 -o CMakeFiles/cmTC_f9bfe.dir/feature_tests.cxx.o -c /home/tgeng/omp2cd/omp2cd-master1/darts-x86/build/CMakeFiles/feature_tests.cxx
Linking CXX executable cmTC_f9bfe
/usr/local/bin/cmake -E cmake_link_script CMakeFiles/cmTC_f9bfe.dir/link.txt --verbose=1
/usr/bin/c++        CMakeFiles/cmTC_f9bfe.dir/feature_tests.cxx.o  -o cmTC_f9bfe -rdynamic 
gmake[1]: Leaving directory `/home/tgeng/omp2cd/omp2cd-master1/darts-x86/build/CMakeFiles/CMakeTmp'


    Feature record: CXX_FEATURE:1cxx_aggregate_default_initializers
    Feature record: CXX_FEATURE:1cxx_alias_templates
    Feature record: CXX_FEATURE:1cxx_alignas
    Feature record: CXX_FEATURE:1cxx_alignof
    Feature record: CXX_FEATURE:1cxx_attributes
    Feature record: CXX_FEATURE:1cxx_attribute_deprecated
    Feature record: CXX_FEATURE:1cxx_auto_type
    Feature record: CXX_FEATURE:1cxx_binary_literals
    Feature record: CXX_FEATURE:1cxx_constexpr
    Feature record: CXX_FEATURE:1cxx_contextual_conversions
    Feature record: CXX_FEATURE:1cxx_decltype
    Feature record: CXX_FEATURE:1cxx_decltype_auto
    Feature record: CXX_FEATURE:1cxx_decltype_incomplete_return_types
    Feature record: CXX_FEATURE:1cxx_default_function_template_args
    Feature record: CXX_FEATURE:1cxx_defaulted_functions
    Feature record: CXX_FEATURE:1cxx_defaulted_move_initializers
    Feature record: CXX_FEATURE:1cxx_delegating_constructors
    Feature record: CXX_FEATURE:1cxx_deleted_functions
    Feature record: CXX_FEATURE:1cxx_digit_separators
    Feature record: CXX_FEATURE:1cxx_enum_forward_declarations
    Feature record: CXX_FEATURE:1cxx_explicit_conversions
    Feature record: CXX_FEATURE:1cxx_extended_friend_declarations
    Feature record: CXX_FEATURE:1cxx_extern_templates
    Feature record: CXX_FEATURE:1cxx_final
    Feature record: CXX_FEATURE:1cxx_func_identifier
    Feature record: CXX_FEATURE:1cxx_generalized_initializers
    Feature record: CXX_FEATURE:1cxx_generic_lambdas
    Feature record: CXX_FEATURE:1cxx_inheriting_constructors
    Feature record: CXX_FEATURE:1cxx_inline_namespaces
    Feature record: CXX_FEATURE:1cxx_lambdas
    Feature record: CXX_FEATURE:1cxx_lambda_init_captures
    Feature record: CXX_FEATURE:1cxx_local_type_template_args
    Feature record: CXX_FEATURE:1cxx_long_long_type
    Feature record: CXX_FEATURE:1cxx_noexcept
    Feature record: CXX_FEATURE:1cxx_nonstatic_member_init
    Feature record: CXX_FEATURE:1cxx_nullptr
    Feature record: CXX_FEATURE:1cxx_override
    Feature record: CXX_FEATURE:1cxx_range_for
    Feature record: CXX_FEATURE:1cxx_raw_string_literals
    Feature record: CXX_FEATURE:1cxx_reference_qualified_functions
    Feature record: CXX_FEATURE:1cxx_relaxed_constexpr
    Feature record: CXX_FEATURE:1cxx_return_type_deduction
    Feature record: CXX_FEATURE:1cxx_right_angle_brackets
    Feature record: CXX_FEATURE:1cxx_rvalue_references
    Feature record: CXX_FEATURE:1cxx_sizeof_member
    Feature record: CXX_FEATURE:1cxx_static_assert
    Feature record: CXX_FEATURE:1cxx_strong_enums
    Feature record: CXX_FEATURE:1cxx_template_template_parameters
    Feature record: CXX_FEATURE:1cxx_thread_local
    Feature record: CXX_FEATURE:1cxx_trailing_return_types
    Feature record: CXX_FEATURE:1cxx_unicode_literals
    Feature record: CXX_FEATURE:1cxx_uniform_initialization
    Feature record: CXX_FEATURE:1cxx_unrestricted_unions
    Feature record: CXX_FEATURE:1cxx_user_literals
    Feature record: CXX_FEATURE:1cxx_variable_templates
    Feature record: CXX_FEATURE:1cxx_variadic_macros
    Feature record: CXX_FEATURE:1cxx_variadic_templates


Detecting CXX [-std=c++11] compiler features compiled with the following output:
Change Dir: /home/tgeng/omp2cd/omp2cd-master1/darts-x86/build/CMakeFiles/CMakeTmp

Run Build Command:"/usr/bin/gmake" "cmTC_81388/fast"
/usr/bin/gmake -f CMakeFiles/cmTC_81388.dir/build.make CMakeFiles/cmTC_81388.dir/build
gmake[1]: Entering directory `/home/tgeng/omp2cd/omp2cd-master1/darts-x86/build/CMakeFiles/CMakeTmp'
Building CXX object CMakeFiles/cmTC_81388.dir/feature_tests.cxx.o
/usr/bin/c++     -std=c++11 -o CMakeFiles/cmTC_81388.dir/feature_tests.cxx.o -c /home/tgeng/omp2cd/omp2cd-master1/darts-x86/build/CMakeFiles/feature_tests.cxx
Linking CXX executable cmTC_81388
/usr/local/bin/cmake -E cmake_link_script CMakeFiles/cmTC_81388.dir/link.txt --verbose=1
/usr/bin/c++        CMakeFiles/cmTC_81388.dir/feature_tests.cxx.o  -o cmTC_81388 -rdynamic 
gmake[1]: Leaving directory `/home/tgeng/omp2cd/omp2cd-master1/darts-x86/build/CMakeFiles/CMakeTmp'


    Feature record: CXX_FEATURE:0cxx_aggregate_default_initializers
    Feature record: CXX_FEATURE:1cxx_alias_templates
    Feature record: CXX_FEATURE:1cxx_alignas
    Feature record: CXX_FEATURE:1cxx_alignof
    Feature record: CXX_FEATURE:1cxx_attributes
    Feature record: CXX_FEATURE:0cxx_attribute_deprecated
    Feature record: CXX_FEATURE:1cxx_auto_type
    Feature record: CXX_FEATURE:0cxx_binary_literals
    Feature record: CXX_FEATURE:1cxx_constexpr
    Feature record: CXX_FEATURE:0cxx_contextual_conversions
    Feature record: CXX_FEATURE:1cxx_decltype
    Feature record: CXX_FEATURE:0cxx_decltype_auto
    Feature record: CXX_FEATURE:1cxx_decltype_incomplete_return_types
    Feature record: CXX_FEATURE:1cxx_default_function_template_args
    Feature record: CXX_FEATURE:1cxx_defaulted_functions
    Feature record: CXX_FEATURE:1cxx_defaulted_move_initializers
    Feature record: CXX_FEATURE:1cxx_delegating_constructors
    Feature record: CXX_FEATURE:1cxx_deleted_functions
    Feature record: CXX_FEATURE:0cxx_digit_separators
    Feature record: CXX_FEATURE:1cxx_enum_forward_declarations
    Feature record: CXX_FEATURE:1cxx_explicit_conversions
    Feature record: CXX_FEATURE:1cxx_extended_friend_declarations
    Feature record: CXX_FEATURE:1cxx_extern_templates
    Feature record: CXX_FEATURE:1cxx_final
    Feature record: CXX_FEATURE:1cxx_func_identifier
    Feature record: CXX_FEATURE:1cxx_generalized_initializers
    Feature record: CXX_FEATURE:0cxx_generic_lambdas
    Feature record: CXX_FEATURE:1cxx_inheriting_constructors
    Feature record: CXX_FEATURE:1cxx_inline_namespaces
    Feature record: CXX_FEATURE:1cxx_lambdas
    Feature record: CXX_FEATURE:0cxx_lambda_init_captures
    Feature record: CXX_FEATURE:1cxx_local_type_template_args
    Feature record: CXX_FEATURE:1cxx_long_long_type
    Feature record: CXX_FEATURE:1cxx_noexcept
    Feature record: CXX_FEATURE:1cxx_nonstatic_member_init
    Feature record: CXX_FEATURE:1cxx_nullptr
    Feature record: CXX_FEATURE:1cxx_override
    Feature record: CXX_FEATURE:1cxx_range_for
    Feature record: CXX_FEATURE:1cxx_raw_string_literals
    Feature record: CXX_FEATURE:1cxx_reference_qualified_functions
    Feature record: CXX_FEATURE:0cxx_relaxed_constexpr
    Feature record: CXX_FEATURE:0cxx_return_type_deduction
    Feature record: CXX_FEATURE:1cxx_right_angle_brackets
    Feature record: CXX_FEATURE:1cxx_rvalue_references
    Feature record: CXX_FEATURE:1cxx_sizeof_member
    Feature record: CXX_FEATURE:1cxx_static_assert
    Feature record: CXX_FEATURE:1cxx_strong_enums
    Feature record: CXX_FEATURE:1cxx_template_template_parameters
    Feature record: CXX_FEATURE:1cxx_thread_local
    Feature record: CXX_FEATURE:1cxx_trailing_return_types
    Feature record: CXX_FEATURE:1cxx_unicode_literals
    Feature record: CXX_FEATURE:1cxx_uniform_initialization
    Feature record: CXX_FEATURE:1cxx_unrestricted_unions
    Feature record: CXX_FEATURE:1cxx_user_literals
    Feature record: CXX_FEATURE:0cxx_variable_templates
    Feature record: CXX_FEATURE:1cxx_variadic_macros
    Feature record: CXX_FEATURE:1cxx_variadic_templates


Detecting CXX [-std=c++98] compiler features compiled with the following output:
Change Dir: /home/tgeng/omp2cd/omp2cd-master1/darts-x86/build/CMakeFiles/CMakeTmp

Run Build Command:"/usr/bin/gmake" "cmTC_9c01e/fast"
/usr/bin/gmake -f CMakeFiles/cmTC_9c01e.dir/build.make CMakeFiles/cmTC_9c01e.dir/build
gmake[1]: Entering directory `/home/tgeng/omp2cd/omp2cd-master1/darts-x86/build/CMakeFiles/CMakeTmp'
Building CXX object CMakeFiles/cmTC_9c01e.dir/feature_tests.cxx.o
/usr/bin/c++     -std=c++98 -o CMakeFiles/cmTC_9c01e.dir/feature_tests.cxx.o -c /home/tgeng/omp2cd/omp2cd-master1/darts-x86/build/CMakeFiles/feature_tests.cxx
Linking CXX executable cmTC_9c01e
/usr/local/bin/cmake -E cmake_link_script CMakeFiles/cmTC_9c01e.dir/link.txt --verbose=1
/usr/bin/c++        CMakeFiles/cmTC_9c01e.dir/feature_tests.cxx.o  -o cmTC_9c01e -rdynamic 
gmake[1]: Leaving directory `/home/tgeng/omp2cd/omp2cd-master1/darts-x86/build/CMakeFiles/CMakeTmp'


    Feature record: CXX_FEATURE:0cxx_aggregate_default_initializers
    Feature record: CXX_FEATURE:0cxx_alias_templates
    Feature record: CXX_FEATURE:0cxx_alignas
    Feature record: CXX_FEATURE:0cxx_alignof
    Feature record: CXX_FEATURE:0cxx_attributes
    Feature record: CXX_FEATURE:0cxx_attribute_deprecated
    Feature record: CXX_FEATURE:0cxx_auto_type
    Feature record: CXX_FEATURE:0cxx_binary_literals
    Feature record: CXX_FEATURE:0cxx_constexpr
    Feature record: CXX_FEATURE:0cxx_contextual_conversions
    Feature record: CXX_FEATURE:0cxx_decltype
    Feature record: CXX_FEATURE:0cxx_decltype_auto
    Feature record: CXX_FEATURE:0cxx_decltype_incomplete_return_types
    Feature record: CXX_FEATURE:0cxx_default_function_template_args
    Feature record: CXX_FEATURE:0cxx_defaulted_functions
    Feature record: CXX_FEATURE:0cxx_defaulted_move_initializers
    Feature record: CXX_FEATURE:0cxx_delegating_constructors
    Feature record: CXX_FEATURE:0cxx_deleted_functions
    Feature record: CXX_FEATURE:0cxx_digit_separators
    Feature record: CXX_FEATURE:0cxx_enum_forward_declarations
    Feature record: CXX_FEATURE:0cxx_explicit_conversions
    Feature record: CXX_FEATURE:0cxx_extended_friend_declarations
    Feature record: CXX_FEATURE:0cxx_extern_templates
    Feature record: CXX_FEATURE:0cxx_final
    Feature record: CXX_FEATURE:0cxx_func_identifier
    Feature record: CXX_FEATURE:0cxx_generalized_initializers
    Feature record: CXX_FEATURE:0cxx_generic_lambdas
    Feature record: CXX_FEATURE:0cxx_inheriting_constructors
    Feature record: CXX_FEATURE:0cxx_inline_namespaces
    Feature record: CXX_FEATURE:0cxx_lambdas
    Feature record: CXX_FEATURE:0cxx_lambda_init_captures
    Feature record: CXX_FEATURE:0cxx_local_type_template_args
    Feature record: CXX_FEATURE:0cxx_long_long_type
    Feature record: CXX_FEATURE:0cxx_noexcept
    Feature record: CXX_FEATURE:0cxx_nonstatic_member_init
    Feature record: CXX_FEATURE:0cxx_nullptr
    Feature record: CXX_FEATURE:0cxx_override
    Feature record: CXX_FEATURE:0cxx_range_for
    Feature record: CXX_FEATURE:0cxx_raw_string_literals
    Feature record: CXX_FEATURE:0cxx_reference_qualified_functions
    Feature record: CXX_FEATURE:0cxx_relaxed_constexpr
    Feature record: CXX_FEATURE:0cxx_return_type_deduction
    Feature record: CXX_FEATURE:0cxx_right_angle_brackets
    Feature record: CXX_FEATURE:0cxx_rvalue_references
    Feature record: CXX_FEATURE:0cxx_sizeof_member
    Feature record: CXX_FEATURE:0cxx_static_assert
    Feature record: CXX_FEATURE:0cxx_strong_enums
    Feature record: CXX_FEATURE:1cxx_template_template_parameters
    Feature record: CXX_FEATURE:0cxx_thread_local
    Feature record: CXX_FEATURE:0cxx_trailing_return_types
    Feature record: CXX_FEATURE:0cxx_unicode_literals
    Feature record: CXX_FEATURE:0cxx_uniform_initialization
    Feature record: CXX_FEATURE:0cxx_unrestricted_unions
    Feature record: CXX_FEATURE:0cxx_user_literals
    Feature record: CXX_FEATURE:0cxx_variable_templates
    Feature record: CXX_FEATURE:0cxx_variadic_macros
    Feature record: CXX_FEATURE:0cxx_variadic_templates
Determining if the include file pthread.h exists passed with the following output:
Change Dir: /home/tgeng/omp2cd/omp2cd-master1/darts-x86/build/CMakeFiles/CMakeTmp

Run Build Command:"/usr/bin/gmake" "cmTC_be263/fast"
/usr/bin/gmake -f CMakeFiles/cmTC_be263.dir/build.make CMakeFiles/cmTC_be263.dir/build
gmake[1]: Entering directory `/home/tgeng/omp2cd/omp2cd-master1/darts-x86/build/CMakeFiles/CMakeTmp'
Building C object CMakeFiles/cmTC_be263.dir/CheckIncludeFile.c.o
/usr/bin/cc     -o CMakeFiles/cmTC_be263.dir/CheckIncludeFile.c.o   -c /home/tgeng/omp2cd/omp2cd-master1/darts-x86/build/CMakeFiles/CMakeTmp/CheckIncludeFile.c
Linking C executable cmTC_be263
/usr/local/bin/cmake -E cmake_link_script CMakeFiles/cmTC_be263.dir/link.txt --verbose=1
/usr/bin/cc       CMakeFiles/cmTC_be263.dir/CheckIncludeFile.c.o  -o cmTC_be263 -rdynamic 
gmake[1]: Leaving directory `/home/tgeng/omp2cd/omp2cd-master1/darts-x86/build/CMakeFiles/CMakeTmp'


Determining if the function pthread_create exists in the pthread passed with the following output:
Change Dir: /home/tgeng/omp2cd/omp2cd-master1/darts-x86/build/CMakeFiles/CMakeTmp

Run Build Command:"/usr/bin/gmake" "cmTC_f32e6/fast"
/usr/bin/gmake -f CMakeFiles/cmTC_f32e6.dir/build.make CMakeFiles/cmTC_f32e6.dir/build
gmake[1]: Entering directory `/home/tgeng/omp2cd/omp2cd-master1/darts-x86/build/CMakeFiles/CMakeTmp'
Building C object CMakeFiles/cmTC_f32e6.dir/CheckFunctionExists.c.o
/usr/bin/cc    -DCHECK_FUNCTION_EXISTS=pthread_create   -o CMakeFiles/cmTC_f32e6.dir/CheckFunctionExists.c.o   -c /usr/local/share/cmake-3.5/Modules/CheckFunctionExists.c
Linking C executable cmTC_f32e6
/usr/local/bin/cmake -E cmake_link_script CMakeFiles/cmTC_f32e6.dir/link.txt --verbose=1
/usr/bin/cc   -DCHECK_FUNCTION_EXISTS=pthread_create    CMakeFiles/cmTC_f32e6.dir/CheckFunctionExists.c.o  -o cmTC_f32e6 -rdynamic -lpthread 
gmake[1]: Leaving directory `/home/tgeng/omp2cd/omp2cd-master1/darts-x86/build/CMakeFiles/CMakeTmp'


