Determining if the pthread_create exist failed with the following output:
Change Dir: /home/tgeng/omp2cd/omp2cd-master1/darts-x86/build/CMakeFiles/CMakeTmp

Run Build Command:"/usr/bin/gmake" "cmTC_31c51/fast"
/usr/bin/gmake -f CMakeFiles/cmTC_31c51.dir/build.make CMakeFiles/cmTC_31c51.dir/build
gmake[1]: Entering directory `/home/tgeng/omp2cd/omp2cd-master1/darts-x86/build/CMakeFiles/CMakeTmp'
Building C object CMakeFiles/cmTC_31c51.dir/CheckSymbolExists.c.o
/usr/bin/cc     -o CMakeFiles/cmTC_31c51.dir/CheckSymbolExists.c.o   -c /home/tgeng/omp2cd/omp2cd-master1/darts-x86/build/CMakeFiles/CMakeTmp/CheckSymbolExists.c
Linking C executable cmTC_31c51
/usr/local/bin/cmake -E cmake_link_script CMakeFiles/cmTC_31c51.dir/link.txt --verbose=1
/usr/bin/cc       CMakeFiles/cmTC_31c51.dir/CheckSymbolExists.c.o  -o cmTC_31c51 -rdynamic 
CMakeFiles/cmTC_31c51.dir/CheckSymbolExists.c.o: In function `main':
CheckSymbolExists.c:(.text+0x16): undefined reference to `pthread_create'
collect2: error: ld returned 1 exit status
gmake[1]: *** [cmTC_31c51] Error 1
gmake[1]: Leaving directory `/home/tgeng/omp2cd/omp2cd-master1/darts-x86/build/CMakeFiles/CMakeTmp'
gmake: *** [cmTC_31c51/fast] Error 2

File /home/tgeng/omp2cd/omp2cd-master1/darts-x86/build/CMakeFiles/CMakeTmp/CheckSymbolExists.c:
/* */
#include <pthread.h>

int main(int argc, char** argv)
{
  (void)argv;
#ifndef pthread_create
  return ((int*)(&pthread_create))[argc];
#else
  (void)argc;
  return 0;
#endif
}

Determining if the function pthread_create exists in the pthreads failed with the following output:
Change Dir: /home/tgeng/omp2cd/omp2cd-master1/darts-x86/build/CMakeFiles/CMakeTmp

Run Build Command:"/usr/bin/gmake" "cmTC_c96f5/fast"
/usr/bin/gmake -f CMakeFiles/cmTC_c96f5.dir/build.make CMakeFiles/cmTC_c96f5.dir/build
gmake[1]: Entering directory `/home/tgeng/omp2cd/omp2cd-master1/darts-x86/build/CMakeFiles/CMakeTmp'
Building C object CMakeFiles/cmTC_c96f5.dir/CheckFunctionExists.c.o
/usr/bin/cc    -DCHECK_FUNCTION_EXISTS=pthread_create   -o CMakeFiles/cmTC_c96f5.dir/CheckFunctionExists.c.o   -c /usr/local/share/cmake-3.5/Modules/CheckFunctionExists.c
Linking C executable cmTC_c96f5
/usr/local/bin/cmake -E cmake_link_script CMakeFiles/cmTC_c96f5.dir/link.txt --verbose=1
/usr/bin/cc   -DCHECK_FUNCTION_EXISTS=pthread_create    CMakeFiles/cmTC_c96f5.dir/CheckFunctionExists.c.o  -o cmTC_c96f5 -rdynamic -lpthreads 
/usr/bin/ld: cannot find -lpthreads
collect2: error: ld returned 1 exit status
gmake[1]: *** [cmTC_c96f5] Error 1
gmake[1]: Leaving directory `/home/tgeng/omp2cd/omp2cd-master1/darts-x86/build/CMakeFiles/CMakeTmp'
gmake: *** [cmTC_c96f5/fast] Error 2


