The system is: Linux - 3.10.0-327.22.2.el7.x86_64 - x86_64
Compiling the C compiler identification source file "CMakeCCompilerId.c" succeeded.
Compiler: /usr/local/gcc6.2/bin/gcc 
Build flags: 
Id flags: 

The output was:
0


Compilation of the C compiler identification source "CMakeCCompilerId.c" produced "a.out"

The C compiler identification is GNU, found in "/home/tgeng/Stencil/Stencil3D7pt/StencilCUDA/build/CMakeFiles/3.5.20160322-g0426/CompilerIdC/a.out"

Compiling the CXX compiler identification source file "CMakeCXXCompilerId.cpp" succeeded.
Compiler: /usr/local/gcc6.2/bin/g++ 
Build flags: 
Id flags: 

The output was:
0


Compilation of the CXX compiler identification source "CMakeCXXCompilerId.cpp" produced "a.out"

The CXX compiler identification is GNU, found in "/home/tgeng/Stencil/Stencil3D7pt/StencilCUDA/build/CMakeFiles/3.5.20160322-g0426/CompilerIdCXX/a.out"

Determining if the C compiler works passed with the following output:
Change Dir: /home/tgeng/Stencil/Stencil3D7pt/StencilCUDA/build/CMakeFiles/CMakeTmp

Run Build Command:"/usr/bin/gmake" "cmTC_58c81/fast"
/usr/bin/gmake -f CMakeFiles/cmTC_58c81.dir/build.make CMakeFiles/cmTC_58c81.dir/build
gmake[1]: Entering directory `/home/tgeng/Stencil/Stencil3D7pt/StencilCUDA/build/CMakeFiles/CMakeTmp'
Building C object CMakeFiles/cmTC_58c81.dir/testCCompiler.c.o
/usr/local/gcc6.2/bin/gcc     -o CMakeFiles/cmTC_58c81.dir/testCCompiler.c.o   -c /home/tgeng/Stencil/Stencil3D7pt/StencilCUDA/build/CMakeFiles/CMakeTmp/testCCompiler.c
Linking C executable cmTC_58c81
/usr/local/bin/cmake -E cmake_link_script CMakeFiles/cmTC_58c81.dir/link.txt --verbose=1
/usr/local/gcc6.2/bin/gcc       CMakeFiles/cmTC_58c81.dir/testCCompiler.c.o  -o cmTC_58c81 -rdynamic 
gmake[1]: Leaving directory `/home/tgeng/Stencil/Stencil3D7pt/StencilCUDA/build/CMakeFiles/CMakeTmp'


Detecting C compiler ABI info compiled with the following output:
Change Dir: /home/tgeng/Stencil/Stencil3D7pt/StencilCUDA/build/CMakeFiles/CMakeTmp

Run Build Command:"/usr/bin/gmake" "cmTC_c2783/fast"
/usr/bin/gmake -f CMakeFiles/cmTC_c2783.dir/build.make CMakeFiles/cmTC_c2783.dir/build
gmake[1]: Entering directory `/home/tgeng/Stencil/Stencil3D7pt/StencilCUDA/build/CMakeFiles/CMakeTmp'
Building C object CMakeFiles/cmTC_c2783.dir/CMakeCCompilerABI.c.o
/usr/local/gcc6.2/bin/gcc     -o CMakeFiles/cmTC_c2783.dir/CMakeCCompilerABI.c.o   -c /usr/local/share/cmake-3.5/Modules/CMakeCCompilerABI.c
Linking C executable cmTC_c2783
/usr/local/bin/cmake -E cmake_link_script CMakeFiles/cmTC_c2783.dir/link.txt --verbose=1
/usr/local/gcc6.2/bin/gcc      -v CMakeFiles/cmTC_c2783.dir/CMakeCCompilerABI.c.o  -o cmTC_c2783 -rdynamic  
Using built-in specs.
COLLECT_GCC=/usr/local/gcc6.2/bin/gcc
COLLECT_LTO_WRAPPER=/usr/local/gcc6.2/bin/../libexec/gcc/x86_64-pc-linux-gnu/6.2.0/lto-wrapper
Target: x86_64-pc-linux-gnu
Configured with: /usr/local/gcc6.2/objdir/../installFiles/configure --enable-threads --prefix=/root/gcc6.2 --disable-multilib --enable-languages=c,c++,fortran,go,objc,obj-c++ --enable-lto
Thread model: posix
gcc version 6.2.0 (GCC) 
COMPILER_PATH=/usr/local/gcc6.2/bin/../libexec/gcc/x86_64-pc-linux-gnu/6.2.0/:/usr/local/gcc6.2/bin/../libexec/gcc/
LIBRARY_PATH=/usr/local/gcc6.2/bin/../lib/gcc/x86_64-pc-linux-gnu/6.2.0/:/usr/local/gcc6.2/bin/../lib/gcc/:/usr/local/gcc6.2/bin/../lib/gcc/x86_64-pc-linux-gnu/6.2.0/../../../../lib64/:/lib/../lib64/:/usr/lib/../lib64/:/usr/local/gcc6.2/bin/../lib/gcc/x86_64-pc-linux-gnu/6.2.0/../../../:/lib/:/usr/lib/
COLLECT_GCC_OPTIONS='-v' '-o' 'cmTC_c2783' '-rdynamic' '-mtune=generic' '-march=x86-64'
 /usr/local/gcc6.2/bin/../libexec/gcc/x86_64-pc-linux-gnu/6.2.0/collect2 -plugin /usr/local/gcc6.2/bin/../libexec/gcc/x86_64-pc-linux-gnu/6.2.0/liblto_plugin.so -plugin-opt=/usr/local/gcc6.2/bin/../libexec/gcc/x86_64-pc-linux-gnu/6.2.0/lto-wrapper -plugin-opt=-fresolution=/tmp/ccf7Qy58.res -plugin-opt=-pass-through=-lgcc -plugin-opt=-pass-through=-lgcc_s -plugin-opt=-pass-through=-lc -plugin-opt=-pass-through=-lgcc -plugin-opt=-pass-through=-lgcc_s --eh-frame-hdr -m elf_x86_64 -export-dynamic -dynamic-linker /lib64/ld-linux-x86-64.so.2 -o cmTC_c2783 /lib/../lib64/crt1.o /lib/../lib64/crti.o /usr/local/gcc6.2/bin/../lib/gcc/x86_64-pc-linux-gnu/6.2.0/crtbegin.o -L/usr/local/gcc6.2/bin/../lib/gcc/x86_64-pc-linux-gnu/6.2.0 -L/usr/local/gcc6.2/bin/../lib/gcc -L/usr/local/gcc6.2/bin/../lib/gcc/x86_64-pc-linux-gnu/6.2.0/../../../../lib64 -L/lib/../lib64 -L/usr/lib/../lib64 -L/usr/local/gcc6.2/bin/../lib/gcc/x86_64-pc-linux-gnu/6.2.0/../../.. CMakeFiles/cmTC_c2783.dir/CMakeCCompilerABI.c.o -lgcc --as-needed -lgcc_s --no-as-needed -lc -lgcc --as-needed -lgcc_s --no-as-needed /usr/local/gcc6.2/bin/../lib/gcc/x86_64-pc-linux-gnu/6.2.0/crtend.o /lib/../lib64/crtn.o
COLLECT_GCC_OPTIONS='-v' '-o' 'cmTC_c2783' '-rdynamic' '-mtune=generic' '-march=x86-64'
gmake[1]: Leaving directory `/home/tgeng/Stencil/Stencil3D7pt/StencilCUDA/build/CMakeFiles/CMakeTmp'


Parsed C implicit link information from above output:
  link line regex: [^( *|.*[/\])(ld|([^/\]+-)?ld|collect2)[^/\]*( |$)]
  ignore line: [Change Dir: /home/tgeng/Stencil/Stencil3D7pt/StencilCUDA/build/CMakeFiles/CMakeTmp]
  ignore line: []
  ignore line: [Run Build Command:"/usr/bin/gmake" "cmTC_c2783/fast"]
  ignore line: [/usr/bin/gmake -f CMakeFiles/cmTC_c2783.dir/build.make CMakeFiles/cmTC_c2783.dir/build]
  ignore line: [gmake[1]: Entering directory `/home/tgeng/Stencil/Stencil3D7pt/StencilCUDA/build/CMakeFiles/CMakeTmp']
  ignore line: [Building C object CMakeFiles/cmTC_c2783.dir/CMakeCCompilerABI.c.o]
  ignore line: [/usr/local/gcc6.2/bin/gcc     -o CMakeFiles/cmTC_c2783.dir/CMakeCCompilerABI.c.o   -c /usr/local/share/cmake-3.5/Modules/CMakeCCompilerABI.c]
  ignore line: [Linking C executable cmTC_c2783]
  ignore line: [/usr/local/bin/cmake -E cmake_link_script CMakeFiles/cmTC_c2783.dir/link.txt --verbose=1]
  ignore line: [/usr/local/gcc6.2/bin/gcc      -v CMakeFiles/cmTC_c2783.dir/CMakeCCompilerABI.c.o  -o cmTC_c2783 -rdynamic  ]
  ignore line: [Using built-in specs.]
  ignore line: [COLLECT_GCC=/usr/local/gcc6.2/bin/gcc]
  ignore line: [COLLECT_LTO_WRAPPER=/usr/local/gcc6.2/bin/../libexec/gcc/x86_64-pc-linux-gnu/6.2.0/lto-wrapper]
  ignore line: [Target: x86_64-pc-linux-gnu]
  ignore line: [Configured with: /usr/local/gcc6.2/objdir/../installFiles/configure --enable-threads --prefix=/root/gcc6.2 --disable-multilib --enable-languages=c,c++,fortran,go,objc,obj-c++ --enable-lto]
  ignore line: [Thread model: posix]
  ignore line: [gcc version 6.2.0 (GCC) ]
  ignore line: [COMPILER_PATH=/usr/local/gcc6.2/bin/../libexec/gcc/x86_64-pc-linux-gnu/6.2.0/:/usr/local/gcc6.2/bin/../libexec/gcc/]
  ignore line: [LIBRARY_PATH=/usr/local/gcc6.2/bin/../lib/gcc/x86_64-pc-linux-gnu/6.2.0/:/usr/local/gcc6.2/bin/../lib/gcc/:/usr/local/gcc6.2/bin/../lib/gcc/x86_64-pc-linux-gnu/6.2.0/../../../../lib64/:/lib/../lib64/:/usr/lib/../lib64/:/usr/local/gcc6.2/bin/../lib/gcc/x86_64-pc-linux-gnu/6.2.0/../../../:/lib/:/usr/lib/]
  ignore line: [COLLECT_GCC_OPTIONS='-v' '-o' 'cmTC_c2783' '-rdynamic' '-mtune=generic' '-march=x86-64']
  link line: [ /usr/local/gcc6.2/bin/../libexec/gcc/x86_64-pc-linux-gnu/6.2.0/collect2 -plugin /usr/local/gcc6.2/bin/../libexec/gcc/x86_64-pc-linux-gnu/6.2.0/liblto_plugin.so -plugin-opt=/usr/local/gcc6.2/bin/../libexec/gcc/x86_64-pc-linux-gnu/6.2.0/lto-wrapper -plugin-opt=-fresolution=/tmp/ccf7Qy58.res -plugin-opt=-pass-through=-lgcc -plugin-opt=-pass-through=-lgcc_s -plugin-opt=-pass-through=-lc -plugin-opt=-pass-through=-lgcc -plugin-opt=-pass-through=-lgcc_s --eh-frame-hdr -m elf_x86_64 -export-dynamic -dynamic-linker /lib64/ld-linux-x86-64.so.2 -o cmTC_c2783 /lib/../lib64/crt1.o /lib/../lib64/crti.o /usr/local/gcc6.2/bin/../lib/gcc/x86_64-pc-linux-gnu/6.2.0/crtbegin.o -L/usr/local/gcc6.2/bin/../lib/gcc/x86_64-pc-linux-gnu/6.2.0 -L/usr/local/gcc6.2/bin/../lib/gcc -L/usr/local/gcc6.2/bin/../lib/gcc/x86_64-pc-linux-gnu/6.2.0/../../../../lib64 -L/lib/../lib64 -L/usr/lib/../lib64 -L/usr/local/gcc6.2/bin/../lib/gcc/x86_64-pc-linux-gnu/6.2.0/../../.. CMakeFiles/cmTC_c2783.dir/CMakeCCompilerABI.c.o -lgcc --as-needed -lgcc_s --no-as-needed -lc -lgcc --as-needed -lgcc_s --no-as-needed /usr/local/gcc6.2/bin/../lib/gcc/x86_64-pc-linux-gnu/6.2.0/crtend.o /lib/../lib64/crtn.o]
    arg [/usr/local/gcc6.2/bin/../libexec/gcc/x86_64-pc-linux-gnu/6.2.0/collect2] ==> ignore
    arg [-plugin] ==> ignore
    arg [/usr/local/gcc6.2/bin/../libexec/gcc/x86_64-pc-linux-gnu/6.2.0/liblto_plugin.so] ==> ignore
    arg [-plugin-opt=/usr/local/gcc6.2/bin/../libexec/gcc/x86_64-pc-linux-gnu/6.2.0/lto-wrapper] ==> ignore
    arg [-plugin-opt=-fresolution=/tmp/ccf7Qy58.res] ==> ignore
    arg [-plugin-opt=-pass-through=-lgcc] ==> ignore
    arg [-plugin-opt=-pass-through=-lgcc_s] ==> ignore
    arg [-plugin-opt=-pass-through=-lc] ==> ignore
    arg [-plugin-opt=-pass-through=-lgcc] ==> ignore
    arg [-plugin-opt=-pass-through=-lgcc_s] ==> ignore
    arg [--eh-frame-hdr] ==> ignore
    arg [-m] ==> ignore
    arg [elf_x86_64] ==> ignore
    arg [-export-dynamic] ==> ignore
    arg [-dynamic-linker] ==> ignore
    arg [/lib64/ld-linux-x86-64.so.2] ==> ignore
    arg [-o] ==> ignore
    arg [cmTC_c2783] ==> ignore
    arg [/lib/../lib64/crt1.o] ==> ignore
    arg [/lib/../lib64/crti.o] ==> ignore
    arg [/usr/local/gcc6.2/bin/../lib/gcc/x86_64-pc-linux-gnu/6.2.0/crtbegin.o] ==> ignore
    arg [-L/usr/local/gcc6.2/bin/../lib/gcc/x86_64-pc-linux-gnu/6.2.0] ==> dir [/usr/local/gcc6.2/bin/../lib/gcc/x86_64-pc-linux-gnu/6.2.0]
    arg [-L/usr/local/gcc6.2/bin/../lib/gcc] ==> dir [/usr/local/gcc6.2/bin/../lib/gcc]
    arg [-L/usr/local/gcc6.2/bin/../lib/gcc/x86_64-pc-linux-gnu/6.2.0/../../../../lib64] ==> dir [/usr/local/gcc6.2/bin/../lib/gcc/x86_64-pc-linux-gnu/6.2.0/../../../../lib64]
    arg [-L/lib/../lib64] ==> dir [/lib/../lib64]
    arg [-L/usr/lib/../lib64] ==> dir [/usr/lib/../lib64]
    arg [-L/usr/local/gcc6.2/bin/../lib/gcc/x86_64-pc-linux-gnu/6.2.0/../../..] ==> dir [/usr/local/gcc6.2/bin/../lib/gcc/x86_64-pc-linux-gnu/6.2.0/../../..]
    arg [CMakeFiles/cmTC_c2783.dir/CMakeCCompilerABI.c.o] ==> ignore
    arg [-lgcc] ==> lib [gcc]
    arg [--as-needed] ==> ignore
    arg [-lgcc_s] ==> lib [gcc_s]
    arg [--no-as-needed] ==> ignore
    arg [-lc] ==> lib [c]
    arg [-lgcc] ==> lib [gcc]
    arg [--as-needed] ==> ignore
    arg [-lgcc_s] ==> lib [gcc_s]
    arg [--no-as-needed] ==> ignore
    arg [/usr/local/gcc6.2/bin/../lib/gcc/x86_64-pc-linux-gnu/6.2.0/crtend.o] ==> ignore
    arg [/lib/../lib64/crtn.o] ==> ignore
  remove lib [gcc]
  remove lib [gcc_s]
  remove lib [gcc]
  remove lib [gcc_s]
  collapse library dir [/usr/local/gcc6.2/bin/../lib/gcc/x86_64-pc-linux-gnu/6.2.0] ==> [/usr/local/gcc6.2/lib/gcc/x86_64-pc-linux-gnu/6.2.0]
  collapse library dir [/usr/local/gcc6.2/bin/../lib/gcc] ==> [/usr/local/gcc6.2/lib/gcc]
  collapse library dir [/usr/local/gcc6.2/bin/../lib/gcc/x86_64-pc-linux-gnu/6.2.0/../../../../lib64] ==> [/usr/local/gcc6.2/lib64]
  collapse library dir [/lib/../lib64] ==> [/lib64]
  collapse library dir [/usr/lib/../lib64] ==> [/usr/lib64]
  collapse library dir [/usr/local/gcc6.2/bin/../lib/gcc/x86_64-pc-linux-gnu/6.2.0/../../..] ==> [/usr/local/gcc6.2/lib]
  implicit libs: [c]
  implicit dirs: [/usr/local/gcc6.2/lib/gcc/x86_64-pc-linux-gnu/6.2.0;/usr/local/gcc6.2/lib/gcc;/usr/local/gcc6.2/lib64;/lib64;/usr/lib64;/usr/local/gcc6.2/lib]
  implicit fwks: []




Detecting C [-std=c11] compiler features compiled with the following output:
Change Dir: /home/tgeng/Stencil/Stencil3D7pt/StencilCUDA/build/CMakeFiles/CMakeTmp

Run Build Command:"/usr/bin/gmake" "cmTC_c616a/fast"
/usr/bin/gmake -f CMakeFiles/cmTC_c616a.dir/build.make CMakeFiles/cmTC_c616a.dir/build
gmake[1]: Entering directory `/home/tgeng/Stencil/Stencil3D7pt/StencilCUDA/build/CMakeFiles/CMakeTmp'
Building C object CMakeFiles/cmTC_c616a.dir/feature_tests.c.o
/usr/local/gcc6.2/bin/gcc    -std=c11 -o CMakeFiles/cmTC_c616a.dir/feature_tests.c.o   -c /home/tgeng/Stencil/Stencil3D7pt/StencilCUDA/build/CMakeFiles/feature_tests.c
Linking C executable cmTC_c616a
/usr/local/bin/cmake -E cmake_link_script CMakeFiles/cmTC_c616a.dir/link.txt --verbose=1
/usr/local/gcc6.2/bin/gcc       CMakeFiles/cmTC_c616a.dir/feature_tests.c.o  -o cmTC_c616a -rdynamic 
gmake[1]: Leaving directory `/home/tgeng/Stencil/Stencil3D7pt/StencilCUDA/build/CMakeFiles/CMakeTmp'


    Feature record: C_FEATURE:1c_function_prototypes
    Feature record: C_FEATURE:1c_restrict
    Feature record: C_FEATURE:1c_static_assert
    Feature record: C_FEATURE:1c_variadic_macros


Detecting C [-std=c99] compiler features compiled with the following output:
Change Dir: /home/tgeng/Stencil/Stencil3D7pt/StencilCUDA/build/CMakeFiles/CMakeTmp

Run Build Command:"/usr/bin/gmake" "cmTC_9aed0/fast"
/usr/bin/gmake -f CMakeFiles/cmTC_9aed0.dir/build.make CMakeFiles/cmTC_9aed0.dir/build
gmake[1]: Entering directory `/home/tgeng/Stencil/Stencil3D7pt/StencilCUDA/build/CMakeFiles/CMakeTmp'
Building C object CMakeFiles/cmTC_9aed0.dir/feature_tests.c.o
/usr/local/gcc6.2/bin/gcc    -std=c99 -o CMakeFiles/cmTC_9aed0.dir/feature_tests.c.o   -c /home/tgeng/Stencil/Stencil3D7pt/StencilCUDA/build/CMakeFiles/feature_tests.c
Linking C executable cmTC_9aed0
/usr/local/bin/cmake -E cmake_link_script CMakeFiles/cmTC_9aed0.dir/link.txt --verbose=1
/usr/local/gcc6.2/bin/gcc       CMakeFiles/cmTC_9aed0.dir/feature_tests.c.o  -o cmTC_9aed0 -rdynamic 
gmake[1]: Leaving directory `/home/tgeng/Stencil/Stencil3D7pt/StencilCUDA/build/CMakeFiles/CMakeTmp'


    Feature record: C_FEATURE:1c_function_prototypes
    Feature record: C_FEATURE:1c_restrict
    Feature record: C_FEATURE:0c_static_assert
    Feature record: C_FEATURE:1c_variadic_macros


Detecting C [-std=c90] compiler features compiled with the following output:
Change Dir: /home/tgeng/Stencil/Stencil3D7pt/StencilCUDA/build/CMakeFiles/CMakeTmp

Run Build Command:"/usr/bin/gmake" "cmTC_6928c/fast"
/usr/bin/gmake -f CMakeFiles/cmTC_6928c.dir/build.make CMakeFiles/cmTC_6928c.dir/build
gmake[1]: Entering directory `/home/tgeng/Stencil/Stencil3D7pt/StencilCUDA/build/CMakeFiles/CMakeTmp'
Building C object CMakeFiles/cmTC_6928c.dir/feature_tests.c.o
/usr/local/gcc6.2/bin/gcc    -std=c90 -o CMakeFiles/cmTC_6928c.dir/feature_tests.c.o   -c /home/tgeng/Stencil/Stencil3D7pt/StencilCUDA/build/CMakeFiles/feature_tests.c
Linking C executable cmTC_6928c
/usr/local/bin/cmake -E cmake_link_script CMakeFiles/cmTC_6928c.dir/link.txt --verbose=1
/usr/local/gcc6.2/bin/gcc       CMakeFiles/cmTC_6928c.dir/feature_tests.c.o  -o cmTC_6928c -rdynamic 
gmake[1]: Leaving directory `/home/tgeng/Stencil/Stencil3D7pt/StencilCUDA/build/CMakeFiles/CMakeTmp'


    Feature record: C_FEATURE:1c_function_prototypes
    Feature record: C_FEATURE:0c_restrict
    Feature record: C_FEATURE:0c_static_assert
    Feature record: C_FEATURE:0c_variadic_macros
Determining if the CXX compiler works passed with the following output:
Change Dir: /home/tgeng/Stencil/Stencil3D7pt/StencilCUDA/build/CMakeFiles/CMakeTmp

Run Build Command:"/usr/bin/gmake" "cmTC_92a06/fast"
/usr/bin/gmake -f CMakeFiles/cmTC_92a06.dir/build.make CMakeFiles/cmTC_92a06.dir/build
gmake[1]: Entering directory `/home/tgeng/Stencil/Stencil3D7pt/StencilCUDA/build/CMakeFiles/CMakeTmp'
Building CXX object CMakeFiles/cmTC_92a06.dir/testCXXCompiler.cxx.o
/usr/local/gcc6.2/bin/g++      -o CMakeFiles/cmTC_92a06.dir/testCXXCompiler.cxx.o -c /home/tgeng/Stencil/Stencil3D7pt/StencilCUDA/build/CMakeFiles/CMakeTmp/testCXXCompiler.cxx
Linking CXX executable cmTC_92a06
/usr/local/bin/cmake -E cmake_link_script CMakeFiles/cmTC_92a06.dir/link.txt --verbose=1
/usr/local/gcc6.2/bin/g++        CMakeFiles/cmTC_92a06.dir/testCXXCompiler.cxx.o  -o cmTC_92a06 -rdynamic 
gmake[1]: Leaving directory `/home/tgeng/Stencil/Stencil3D7pt/StencilCUDA/build/CMakeFiles/CMakeTmp'


Detecting CXX compiler ABI info compiled with the following output:
Change Dir: /home/tgeng/Stencil/Stencil3D7pt/StencilCUDA/build/CMakeFiles/CMakeTmp

Run Build Command:"/usr/bin/gmake" "cmTC_d57fa/fast"
/usr/bin/gmake -f CMakeFiles/cmTC_d57fa.dir/build.make CMakeFiles/cmTC_d57fa.dir/build
gmake[1]: Entering directory `/home/tgeng/Stencil/Stencil3D7pt/StencilCUDA/build/CMakeFiles/CMakeTmp'
Building CXX object CMakeFiles/cmTC_d57fa.dir/CMakeCXXCompilerABI.cpp.o
/usr/local/gcc6.2/bin/g++      -o CMakeFiles/cmTC_d57fa.dir/CMakeCXXCompilerABI.cpp.o -c /usr/local/share/cmake-3.5/Modules/CMakeCXXCompilerABI.cpp
Linking CXX executable cmTC_d57fa
/usr/local/bin/cmake -E cmake_link_script CMakeFiles/cmTC_d57fa.dir/link.txt --verbose=1
/usr/local/gcc6.2/bin/g++       -v CMakeFiles/cmTC_d57fa.dir/CMakeCXXCompilerABI.cpp.o  -o cmTC_d57fa -rdynamic  
Using built-in specs.
COLLECT_GCC=/usr/local/gcc6.2/bin/g++
COLLECT_LTO_WRAPPER=/usr/local/gcc6.2/bin/../libexec/gcc/x86_64-pc-linux-gnu/6.2.0/lto-wrapper
Target: x86_64-pc-linux-gnu
Configured with: /usr/local/gcc6.2/objdir/../installFiles/configure --enable-threads --prefix=/root/gcc6.2 --disable-multilib --enable-languages=c,c++,fortran,go,objc,obj-c++ --enable-lto
Thread model: posix
gcc version 6.2.0 (GCC) 
COMPILER_PATH=/usr/local/gcc6.2/bin/../libexec/gcc/x86_64-pc-linux-gnu/6.2.0/:/usr/local/gcc6.2/bin/../libexec/gcc/
LIBRARY_PATH=/usr/local/gcc6.2/bin/../lib/gcc/x86_64-pc-linux-gnu/6.2.0/:/usr/local/gcc6.2/bin/../lib/gcc/:/usr/local/gcc6.2/bin/../lib/gcc/x86_64-pc-linux-gnu/6.2.0/../../../../lib64/:/lib/../lib64/:/usr/lib/../lib64/:/usr/local/gcc6.2/bin/../lib/gcc/x86_64-pc-linux-gnu/6.2.0/../../../:/lib/:/usr/lib/
COLLECT_GCC_OPTIONS='-v' '-o' 'cmTC_d57fa' '-rdynamic' '-shared-libgcc' '-mtune=generic' '-march=x86-64'
 /usr/local/gcc6.2/bin/../libexec/gcc/x86_64-pc-linux-gnu/6.2.0/collect2 -plugin /usr/local/gcc6.2/bin/../libexec/gcc/x86_64-pc-linux-gnu/6.2.0/liblto_plugin.so -plugin-opt=/usr/local/gcc6.2/bin/../libexec/gcc/x86_64-pc-linux-gnu/6.2.0/lto-wrapper -plugin-opt=-fresolution=/tmp/ccJWBljk.res -plugin-opt=-pass-through=-lgcc_s -plugin-opt=-pass-through=-lgcc -plugin-opt=-pass-through=-lc -plugin-opt=-pass-through=-lgcc_s -plugin-opt=-pass-through=-lgcc --eh-frame-hdr -m elf_x86_64 -export-dynamic -dynamic-linker /lib64/ld-linux-x86-64.so.2 -o cmTC_d57fa /lib/../lib64/crt1.o /lib/../lib64/crti.o /usr/local/gcc6.2/bin/../lib/gcc/x86_64-pc-linux-gnu/6.2.0/crtbegin.o -L/usr/local/gcc6.2/bin/../lib/gcc/x86_64-pc-linux-gnu/6.2.0 -L/usr/local/gcc6.2/bin/../lib/gcc -L/usr/local/gcc6.2/bin/../lib/gcc/x86_64-pc-linux-gnu/6.2.0/../../../../lib64 -L/lib/../lib64 -L/usr/lib/../lib64 -L/usr/local/gcc6.2/bin/../lib/gcc/x86_64-pc-linux-gnu/6.2.0/../../.. CMakeFiles/cmTC_d57fa.dir/CMakeCXXCompilerABI.cpp.o -lstdc++ -lm -lgcc_s -lgcc -lc -lgcc_s -lgcc /usr/local/gcc6.2/bin/../lib/gcc/x86_64-pc-linux-gnu/6.2.0/crtend.o /lib/../lib64/crtn.o
COLLECT_GCC_OPTIONS='-v' '-o' 'cmTC_d57fa' '-rdynamic' '-shared-libgcc' '-mtune=generic' '-march=x86-64'
gmake[1]: Leaving directory `/home/tgeng/Stencil/Stencil3D7pt/StencilCUDA/build/CMakeFiles/CMakeTmp'


Parsed CXX implicit link information from above output:
  link line regex: [^( *|.*[/\])(ld|([^/\]+-)?ld|collect2)[^/\]*( |$)]
  ignore line: [Change Dir: /home/tgeng/Stencil/Stencil3D7pt/StencilCUDA/build/CMakeFiles/CMakeTmp]
  ignore line: []
  ignore line: [Run Build Command:"/usr/bin/gmake" "cmTC_d57fa/fast"]
  ignore line: [/usr/bin/gmake -f CMakeFiles/cmTC_d57fa.dir/build.make CMakeFiles/cmTC_d57fa.dir/build]
  ignore line: [gmake[1]: Entering directory `/home/tgeng/Stencil/Stencil3D7pt/StencilCUDA/build/CMakeFiles/CMakeTmp']
  ignore line: [Building CXX object CMakeFiles/cmTC_d57fa.dir/CMakeCXXCompilerABI.cpp.o]
  ignore line: [/usr/local/gcc6.2/bin/g++      -o CMakeFiles/cmTC_d57fa.dir/CMakeCXXCompilerABI.cpp.o -c /usr/local/share/cmake-3.5/Modules/CMakeCXXCompilerABI.cpp]
  ignore line: [Linking CXX executable cmTC_d57fa]
  ignore line: [/usr/local/bin/cmake -E cmake_link_script CMakeFiles/cmTC_d57fa.dir/link.txt --verbose=1]
  ignore line: [/usr/local/gcc6.2/bin/g++       -v CMakeFiles/cmTC_d57fa.dir/CMakeCXXCompilerABI.cpp.o  -o cmTC_d57fa -rdynamic  ]
  ignore line: [Using built-in specs.]
  ignore line: [COLLECT_GCC=/usr/local/gcc6.2/bin/g++]
  ignore line: [COLLECT_LTO_WRAPPER=/usr/local/gcc6.2/bin/../libexec/gcc/x86_64-pc-linux-gnu/6.2.0/lto-wrapper]
  ignore line: [Target: x86_64-pc-linux-gnu]
  ignore line: [Configured with: /usr/local/gcc6.2/objdir/../installFiles/configure --enable-threads --prefix=/root/gcc6.2 --disable-multilib --enable-languages=c,c++,fortran,go,objc,obj-c++ --enable-lto]
  ignore line: [Thread model: posix]
  ignore line: [gcc version 6.2.0 (GCC) ]
  ignore line: [COMPILER_PATH=/usr/local/gcc6.2/bin/../libexec/gcc/x86_64-pc-linux-gnu/6.2.0/:/usr/local/gcc6.2/bin/../libexec/gcc/]
  ignore line: [LIBRARY_PATH=/usr/local/gcc6.2/bin/../lib/gcc/x86_64-pc-linux-gnu/6.2.0/:/usr/local/gcc6.2/bin/../lib/gcc/:/usr/local/gcc6.2/bin/../lib/gcc/x86_64-pc-linux-gnu/6.2.0/../../../../lib64/:/lib/../lib64/:/usr/lib/../lib64/:/usr/local/gcc6.2/bin/../lib/gcc/x86_64-pc-linux-gnu/6.2.0/../../../:/lib/:/usr/lib/]
  ignore line: [COLLECT_GCC_OPTIONS='-v' '-o' 'cmTC_d57fa' '-rdynamic' '-shared-libgcc' '-mtune=generic' '-march=x86-64']
  link line: [ /usr/local/gcc6.2/bin/../libexec/gcc/x86_64-pc-linux-gnu/6.2.0/collect2 -plugin /usr/local/gcc6.2/bin/../libexec/gcc/x86_64-pc-linux-gnu/6.2.0/liblto_plugin.so -plugin-opt=/usr/local/gcc6.2/bin/../libexec/gcc/x86_64-pc-linux-gnu/6.2.0/lto-wrapper -plugin-opt=-fresolution=/tmp/ccJWBljk.res -plugin-opt=-pass-through=-lgcc_s -plugin-opt=-pass-through=-lgcc -plugin-opt=-pass-through=-lc -plugin-opt=-pass-through=-lgcc_s -plugin-opt=-pass-through=-lgcc --eh-frame-hdr -m elf_x86_64 -export-dynamic -dynamic-linker /lib64/ld-linux-x86-64.so.2 -o cmTC_d57fa /lib/../lib64/crt1.o /lib/../lib64/crti.o /usr/local/gcc6.2/bin/../lib/gcc/x86_64-pc-linux-gnu/6.2.0/crtbegin.o -L/usr/local/gcc6.2/bin/../lib/gcc/x86_64-pc-linux-gnu/6.2.0 -L/usr/local/gcc6.2/bin/../lib/gcc -L/usr/local/gcc6.2/bin/../lib/gcc/x86_64-pc-linux-gnu/6.2.0/../../../../lib64 -L/lib/../lib64 -L/usr/lib/../lib64 -L/usr/local/gcc6.2/bin/../lib/gcc/x86_64-pc-linux-gnu/6.2.0/../../.. CMakeFiles/cmTC_d57fa.dir/CMakeCXXCompilerABI.cpp.o -lstdc++ -lm -lgcc_s -lgcc -lc -lgcc_s -lgcc /usr/local/gcc6.2/bin/../lib/gcc/x86_64-pc-linux-gnu/6.2.0/crtend.o /lib/../lib64/crtn.o]
    arg [/usr/local/gcc6.2/bin/../libexec/gcc/x86_64-pc-linux-gnu/6.2.0/collect2] ==> ignore
    arg [-plugin] ==> ignore
    arg [/usr/local/gcc6.2/bin/../libexec/gcc/x86_64-pc-linux-gnu/6.2.0/liblto_plugin.so] ==> ignore
    arg [-plugin-opt=/usr/local/gcc6.2/bin/../libexec/gcc/x86_64-pc-linux-gnu/6.2.0/lto-wrapper] ==> ignore
    arg [-plugin-opt=-fresolution=/tmp/ccJWBljk.res] ==> ignore
    arg [-plugin-opt=-pass-through=-lgcc_s] ==> ignore
    arg [-plugin-opt=-pass-through=-lgcc] ==> ignore
    arg [-plugin-opt=-pass-through=-lc] ==> ignore
    arg [-plugin-opt=-pass-through=-lgcc_s] ==> ignore
    arg [-plugin-opt=-pass-through=-lgcc] ==> ignore
    arg [--eh-frame-hdr] ==> ignore
    arg [-m] ==> ignore
    arg [elf_x86_64] ==> ignore
    arg [-export-dynamic] ==> ignore
    arg [-dynamic-linker] ==> ignore
    arg [/lib64/ld-linux-x86-64.so.2] ==> ignore
    arg [-o] ==> ignore
    arg [cmTC_d57fa] ==> ignore
    arg [/lib/../lib64/crt1.o] ==> ignore
    arg [/lib/../lib64/crti.o] ==> ignore
    arg [/usr/local/gcc6.2/bin/../lib/gcc/x86_64-pc-linux-gnu/6.2.0/crtbegin.o] ==> ignore
    arg [-L/usr/local/gcc6.2/bin/../lib/gcc/x86_64-pc-linux-gnu/6.2.0] ==> dir [/usr/local/gcc6.2/bin/../lib/gcc/x86_64-pc-linux-gnu/6.2.0]
    arg [-L/usr/local/gcc6.2/bin/../lib/gcc] ==> dir [/usr/local/gcc6.2/bin/../lib/gcc]
    arg [-L/usr/local/gcc6.2/bin/../lib/gcc/x86_64-pc-linux-gnu/6.2.0/../../../../lib64] ==> dir [/usr/local/gcc6.2/bin/../lib/gcc/x86_64-pc-linux-gnu/6.2.0/../../../../lib64]
    arg [-L/lib/../lib64] ==> dir [/lib/../lib64]
    arg [-L/usr/lib/../lib64] ==> dir [/usr/lib/../lib64]
    arg [-L/usr/local/gcc6.2/bin/../lib/gcc/x86_64-pc-linux-gnu/6.2.0/../../..] ==> dir [/usr/local/gcc6.2/bin/../lib/gcc/x86_64-pc-linux-gnu/6.2.0/../../..]
    arg [CMakeFiles/cmTC_d57fa.dir/CMakeCXXCompilerABI.cpp.o] ==> ignore
    arg [-lstdc++] ==> lib [stdc++]
    arg [-lm] ==> lib [m]
    arg [-lgcc_s] ==> lib [gcc_s]
    arg [-lgcc] ==> lib [gcc]
    arg [-lc] ==> lib [c]
    arg [-lgcc_s] ==> lib [gcc_s]
    arg [-lgcc] ==> lib [gcc]
    arg [/usr/local/gcc6.2/bin/../lib/gcc/x86_64-pc-linux-gnu/6.2.0/crtend.o] ==> ignore
    arg [/lib/../lib64/crtn.o] ==> ignore
  remove lib [gcc_s]
  remove lib [gcc]
  remove lib [gcc_s]
  remove lib [gcc]
  collapse library dir [/usr/local/gcc6.2/bin/../lib/gcc/x86_64-pc-linux-gnu/6.2.0] ==> [/usr/local/gcc6.2/lib/gcc/x86_64-pc-linux-gnu/6.2.0]
  collapse library dir [/usr/local/gcc6.2/bin/../lib/gcc] ==> [/usr/local/gcc6.2/lib/gcc]
  collapse library dir [/usr/local/gcc6.2/bin/../lib/gcc/x86_64-pc-linux-gnu/6.2.0/../../../../lib64] ==> [/usr/local/gcc6.2/lib64]
  collapse library dir [/lib/../lib64] ==> [/lib64]
  collapse library dir [/usr/lib/../lib64] ==> [/usr/lib64]
  collapse library dir [/usr/local/gcc6.2/bin/../lib/gcc/x86_64-pc-linux-gnu/6.2.0/../../..] ==> [/usr/local/gcc6.2/lib]
  implicit libs: [stdc++;m;c]
  implicit dirs: [/usr/local/gcc6.2/lib/gcc/x86_64-pc-linux-gnu/6.2.0;/usr/local/gcc6.2/lib/gcc;/usr/local/gcc6.2/lib64;/lib64;/usr/lib64;/usr/local/gcc6.2/lib]
  implicit fwks: []




Detecting CXX [-std=c++14] compiler features compiled with the following output:
Change Dir: /home/tgeng/Stencil/Stencil3D7pt/StencilCUDA/build/CMakeFiles/CMakeTmp

Run Build Command:"/usr/bin/gmake" "cmTC_89280/fast"
/usr/bin/gmake -f CMakeFiles/cmTC_89280.dir/build.make CMakeFiles/cmTC_89280.dir/build
gmake[1]: Entering directory `/home/tgeng/Stencil/Stencil3D7pt/StencilCUDA/build/CMakeFiles/CMakeTmp'
Building CXX object CMakeFiles/cmTC_89280.dir/feature_tests.cxx.o
/usr/local/gcc6.2/bin/g++     -std=c++14 -o CMakeFiles/cmTC_89280.dir/feature_tests.cxx.o -c /home/tgeng/Stencil/Stencil3D7pt/StencilCUDA/build/CMakeFiles/feature_tests.cxx
Linking CXX executable cmTC_89280
/usr/local/bin/cmake -E cmake_link_script CMakeFiles/cmTC_89280.dir/link.txt --verbose=1
/usr/local/gcc6.2/bin/g++        CMakeFiles/cmTC_89280.dir/feature_tests.cxx.o  -o cmTC_89280 -rdynamic 
gmake[1]: Leaving directory `/home/tgeng/Stencil/Stencil3D7pt/StencilCUDA/build/CMakeFiles/CMakeTmp'


    Feature record: CXX_FEATURE:1cxx_aggregate_default_initializers
    Feature record: CXX_FEATURE:1cxx_alias_templates
    Feature record: CXX_FEATURE:1cxx_alignas
    Feature record: CXX_FEATURE:1cxx_alignof
    Feature record: CXX_FEATURE:1cxx_attributes
    Feature record: CXX_FEATURE:1cxx_attribute_deprecated
    Feature record: CXX_FEATURE:1cxx_auto_type
    Feature record: CXX_FEATURE:1cxx_binary_literals
    Feature record: CXX_FEATURE:1cxx_constexpr
    Feature record: CXX_FEATURE:1cxx_contextual_conversions
    Feature record: CXX_FEATURE:1cxx_decltype
    Feature record: CXX_FEATURE:1cxx_decltype_auto
    Feature record: CXX_FEATURE:1cxx_decltype_incomplete_return_types
    Feature record: CXX_FEATURE:1cxx_default_function_template_args
    Feature record: CXX_FEATURE:1cxx_defaulted_functions
    Feature record: CXX_FEATURE:1cxx_defaulted_move_initializers
    Feature record: CXX_FEATURE:1cxx_delegating_constructors
    Feature record: CXX_FEATURE:1cxx_deleted_functions
    Feature record: CXX_FEATURE:1cxx_digit_separators
    Feature record: CXX_FEATURE:1cxx_enum_forward_declarations
    Feature record: CXX_FEATURE:1cxx_explicit_conversions
    Feature record: CXX_FEATURE:1cxx_extended_friend_declarations
    Feature record: CXX_FEATURE:1cxx_extern_templates
    Feature record: CXX_FEATURE:1cxx_final
    Feature record: CXX_FEATURE:1cxx_func_identifier
    Feature record: CXX_FEATURE:1cxx_generalized_initializers
    Feature record: CXX_FEATURE:1cxx_generic_lambdas
    Feature record: CXX_FEATURE:1cxx_inheriting_constructors
    Feature record: CXX_FEATURE:1cxx_inline_namespaces
    Feature record: CXX_FEATURE:1cxx_lambdas
    Feature record: CXX_FEATURE:1cxx_lambda_init_captures
    Feature record: CXX_FEATURE:1cxx_local_type_template_args
    Feature record: CXX_FEATURE:1cxx_long_long_type
    Feature record: CXX_FEATURE:1cxx_noexcept
    Feature record: CXX_FEATURE:1cxx_nonstatic_member_init
    Feature record: CXX_FEATURE:1cxx_nullptr
    Feature record: CXX_FEATURE:1cxx_override
    Feature record: CXX_FEATURE:1cxx_range_for
    Feature record: CXX_FEATURE:1cxx_raw_string_literals
    Feature record: CXX_FEATURE:1cxx_reference_qualified_functions
    Feature record: CXX_FEATURE:1cxx_relaxed_constexpr
    Feature record: CXX_FEATURE:1cxx_return_type_deduction
    Feature record: CXX_FEATURE:1cxx_right_angle_brackets
    Feature record: CXX_FEATURE:1cxx_rvalue_references
    Feature record: CXX_FEATURE:1cxx_sizeof_member
    Feature record: CXX_FEATURE:1cxx_static_assert
    Feature record: CXX_FEATURE:1cxx_strong_enums
    Feature record: CXX_FEATURE:1cxx_template_template_parameters
    Feature record: CXX_FEATURE:1cxx_thread_local
    Feature record: CXX_FEATURE:1cxx_trailing_return_types
    Feature record: CXX_FEATURE:1cxx_unicode_literals
    Feature record: CXX_FEATURE:1cxx_uniform_initialization
    Feature record: CXX_FEATURE:1cxx_unrestricted_unions
    Feature record: CXX_FEATURE:1cxx_user_literals
    Feature record: CXX_FEATURE:1cxx_variable_templates
    Feature record: CXX_FEATURE:1cxx_variadic_macros
    Feature record: CXX_FEATURE:1cxx_variadic_templates


Detecting CXX [-std=c++11] compiler features compiled with the following output:
Change Dir: /home/tgeng/Stencil/Stencil3D7pt/StencilCUDA/build/CMakeFiles/CMakeTmp

Run Build Command:"/usr/bin/gmake" "cmTC_2716e/fast"
/usr/bin/gmake -f CMakeFiles/cmTC_2716e.dir/build.make CMakeFiles/cmTC_2716e.dir/build
gmake[1]: Entering directory `/home/tgeng/Stencil/Stencil3D7pt/StencilCUDA/build/CMakeFiles/CMakeTmp'
Building CXX object CMakeFiles/cmTC_2716e.dir/feature_tests.cxx.o
/usr/local/gcc6.2/bin/g++     -std=c++11 -o CMakeFiles/cmTC_2716e.dir/feature_tests.cxx.o -c /home/tgeng/Stencil/Stencil3D7pt/StencilCUDA/build/CMakeFiles/feature_tests.cxx
Linking CXX executable cmTC_2716e
/usr/local/bin/cmake -E cmake_link_script CMakeFiles/cmTC_2716e.dir/link.txt --verbose=1
/usr/local/gcc6.2/bin/g++        CMakeFiles/cmTC_2716e.dir/feature_tests.cxx.o  -o cmTC_2716e -rdynamic 
gmake[1]: Leaving directory `/home/tgeng/Stencil/Stencil3D7pt/StencilCUDA/build/CMakeFiles/CMakeTmp'


    Feature record: CXX_FEATURE:0cxx_aggregate_default_initializers
    Feature record: CXX_FEATURE:1cxx_alias_templates
    Feature record: CXX_FEATURE:1cxx_alignas
    Feature record: CXX_FEATURE:1cxx_alignof
    Feature record: CXX_FEATURE:1cxx_attributes
    Feature record: CXX_FEATURE:0cxx_attribute_deprecated
    Feature record: CXX_FEATURE:1cxx_auto_type
    Feature record: CXX_FEATURE:0cxx_binary_literals
    Feature record: CXX_FEATURE:1cxx_constexpr
    Feature record: CXX_FEATURE:0cxx_contextual_conversions
    Feature record: CXX_FEATURE:1cxx_decltype
    Feature record: CXX_FEATURE:0cxx_decltype_auto
    Feature record: CXX_FEATURE:1cxx_decltype_incomplete_return_types
    Feature record: CXX_FEATURE:1cxx_default_function_template_args
    Feature record: CXX_FEATURE:1cxx_defaulted_functions
    Feature record: CXX_FEATURE:1cxx_defaulted_move_initializers
    Feature record: CXX_FEATURE:1cxx_delegating_constructors
    Feature record: CXX_FEATURE:1cxx_deleted_functions
    Feature record: CXX_FEATURE:0cxx_digit_separators
    Feature record: CXX_FEATURE:1cxx_enum_forward_declarations
    Feature record: CXX_FEATURE:1cxx_explicit_conversions
    Feature record: CXX_FEATURE:1cxx_extended_friend_declarations
    Feature record: CXX_FEATURE:1cxx_extern_templates
    Feature record: CXX_FEATURE:1cxx_final
    Feature record: CXX_FEATURE:1cxx_func_identifier
    Feature record: CXX_FEATURE:1cxx_generalized_initializers
    Feature record: CXX_FEATURE:0cxx_generic_lambdas
    Feature record: CXX_FEATURE:1cxx_inheriting_constructors
    Feature record: CXX_FEATURE:1cxx_inline_namespaces
    Feature record: CXX_FEATURE:1cxx_lambdas
    Feature record: CXX_FEATURE:0cxx_lambda_init_captures
    Feature record: CXX_FEATURE:1cxx_local_type_template_args
    Feature record: CXX_FEATURE:1cxx_long_long_type
    Feature record: CXX_FEATURE:1cxx_noexcept
    Feature record: CXX_FEATURE:1cxx_nonstatic_member_init
    Feature record: CXX_FEATURE:1cxx_nullptr
    Feature record: CXX_FEATURE:1cxx_override
    Feature record: CXX_FEATURE:1cxx_range_for
    Feature record: CXX_FEATURE:1cxx_raw_string_literals
    Feature record: CXX_FEATURE:1cxx_reference_qualified_functions
    Feature record: CXX_FEATURE:0cxx_relaxed_constexpr
    Feature record: CXX_FEATURE:0cxx_return_type_deduction
    Feature record: CXX_FEATURE:1cxx_right_angle_brackets
    Feature record: CXX_FEATURE:1cxx_rvalue_references
    Feature record: CXX_FEATURE:1cxx_sizeof_member
    Feature record: CXX_FEATURE:1cxx_static_assert
    Feature record: CXX_FEATURE:1cxx_strong_enums
    Feature record: CXX_FEATURE:1cxx_template_template_parameters
    Feature record: CXX_FEATURE:1cxx_thread_local
    Feature record: CXX_FEATURE:1cxx_trailing_return_types
    Feature record: CXX_FEATURE:1cxx_unicode_literals
    Feature record: CXX_FEATURE:1cxx_uniform_initialization
    Feature record: CXX_FEATURE:1cxx_unrestricted_unions
    Feature record: CXX_FEATURE:1cxx_user_literals
    Feature record: CXX_FEATURE:0cxx_variable_templates
    Feature record: CXX_FEATURE:1cxx_variadic_macros
    Feature record: CXX_FEATURE:1cxx_variadic_templates


Detecting CXX [-std=c++98] compiler features compiled with the following output:
Change Dir: /home/tgeng/Stencil/Stencil3D7pt/StencilCUDA/build/CMakeFiles/CMakeTmp

Run Build Command:"/usr/bin/gmake" "cmTC_b2526/fast"
/usr/bin/gmake -f CMakeFiles/cmTC_b2526.dir/build.make CMakeFiles/cmTC_b2526.dir/build
gmake[1]: Entering directory `/home/tgeng/Stencil/Stencil3D7pt/StencilCUDA/build/CMakeFiles/CMakeTmp'
Building CXX object CMakeFiles/cmTC_b2526.dir/feature_tests.cxx.o
/usr/local/gcc6.2/bin/g++     -std=c++98 -o CMakeFiles/cmTC_b2526.dir/feature_tests.cxx.o -c /home/tgeng/Stencil/Stencil3D7pt/StencilCUDA/build/CMakeFiles/feature_tests.cxx
Linking CXX executable cmTC_b2526
/usr/local/bin/cmake -E cmake_link_script CMakeFiles/cmTC_b2526.dir/link.txt --verbose=1
/usr/local/gcc6.2/bin/g++        CMakeFiles/cmTC_b2526.dir/feature_tests.cxx.o  -o cmTC_b2526 -rdynamic 
gmake[1]: Leaving directory `/home/tgeng/Stencil/Stencil3D7pt/StencilCUDA/build/CMakeFiles/CMakeTmp'


    Feature record: CXX_FEATURE:0cxx_aggregate_default_initializers
    Feature record: CXX_FEATURE:0cxx_alias_templates
    Feature record: CXX_FEATURE:0cxx_alignas
    Feature record: CXX_FEATURE:0cxx_alignof
    Feature record: CXX_FEATURE:0cxx_attributes
    Feature record: CXX_FEATURE:0cxx_attribute_deprecated
    Feature record: CXX_FEATURE:0cxx_auto_type
    Feature record: CXX_FEATURE:0cxx_binary_literals
    Feature record: CXX_FEATURE:0cxx_constexpr
    Feature record: CXX_FEATURE:0cxx_contextual_conversions
    Feature record: CXX_FEATURE:0cxx_decltype
    Feature record: CXX_FEATURE:0cxx_decltype_auto
    Feature record: CXX_FEATURE:0cxx_decltype_incomplete_return_types
    Feature record: CXX_FEATURE:0cxx_default_function_template_args
    Feature record: CXX_FEATURE:0cxx_defaulted_functions
    Feature record: CXX_FEATURE:0cxx_defaulted_move_initializers
    Feature record: CXX_FEATURE:0cxx_delegating_constructors
    Feature record: CXX_FEATURE:0cxx_deleted_functions
    Feature record: CXX_FEATURE:0cxx_digit_separators
    Feature record: CXX_FEATURE:0cxx_enum_forward_declarations
    Feature record: CXX_FEATURE:0cxx_explicit_conversions
    Feature record: CXX_FEATURE:0cxx_extended_friend_declarations
    Feature record: CXX_FEATURE:0cxx_extern_templates
    Feature record: CXX_FEATURE:0cxx_final
    Feature record: CXX_FEATURE:0cxx_func_identifier
    Feature record: CXX_FEATURE:0cxx_generalized_initializers
    Feature record: CXX_FEATURE:0cxx_generic_lambdas
    Feature record: CXX_FEATURE:0cxx_inheriting_constructors
    Feature record: CXX_FEATURE:0cxx_inline_namespaces
    Feature record: CXX_FEATURE:0cxx_lambdas
    Feature record: CXX_FEATURE:0cxx_lambda_init_captures
    Feature record: CXX_FEATURE:0cxx_local_type_template_args
    Feature record: CXX_FEATURE:0cxx_long_long_type
    Feature record: CXX_FEATURE:0cxx_noexcept
    Feature record: CXX_FEATURE:0cxx_nonstatic_member_init
    Feature record: CXX_FEATURE:0cxx_nullptr
    Feature record: CXX_FEATURE:0cxx_override
    Feature record: CXX_FEATURE:0cxx_range_for
    Feature record: CXX_FEATURE:0cxx_raw_string_literals
    Feature record: CXX_FEATURE:0cxx_reference_qualified_functions
    Feature record: CXX_FEATURE:0cxx_relaxed_constexpr
    Feature record: CXX_FEATURE:0cxx_return_type_deduction
    Feature record: CXX_FEATURE:0cxx_right_angle_brackets
    Feature record: CXX_FEATURE:0cxx_rvalue_references
    Feature record: CXX_FEATURE:0cxx_sizeof_member
    Feature record: CXX_FEATURE:0cxx_static_assert
    Feature record: CXX_FEATURE:0cxx_strong_enums
    Feature record: CXX_FEATURE:1cxx_template_template_parameters
    Feature record: CXX_FEATURE:0cxx_thread_local
    Feature record: CXX_FEATURE:0cxx_trailing_return_types
    Feature record: CXX_FEATURE:0cxx_unicode_literals
    Feature record: CXX_FEATURE:0cxx_uniform_initialization
    Feature record: CXX_FEATURE:0cxx_unrestricted_unions
    Feature record: CXX_FEATURE:0cxx_user_literals
    Feature record: CXX_FEATURE:0cxx_variable_templates
    Feature record: CXX_FEATURE:0cxx_variadic_macros
    Feature record: CXX_FEATURE:0cxx_variadic_templates
Determining if the include file pthread.h exists passed with the following output:
Change Dir: /home/tgeng/Stencil/Stencil3D7pt/StencilCUDA/build/CMakeFiles/CMakeTmp

Run Build Command:"/usr/bin/gmake" "cmTC_d5a68/fast"
/usr/bin/gmake -f CMakeFiles/cmTC_d5a68.dir/build.make CMakeFiles/cmTC_d5a68.dir/build
gmake[1]: Entering directory `/home/tgeng/Stencil/Stencil3D7pt/StencilCUDA/build/CMakeFiles/CMakeTmp'
Building C object CMakeFiles/cmTC_d5a68.dir/CheckIncludeFile.c.o
/usr/local/gcc6.2/bin/gcc    -fPIC    -o CMakeFiles/cmTC_d5a68.dir/CheckIncludeFile.c.o   -c /home/tgeng/Stencil/Stencil3D7pt/StencilCUDA/build/CMakeFiles/CMakeTmp/CheckIncludeFile.c
Linking C executable cmTC_d5a68
/usr/local/bin/cmake -E cmake_link_script CMakeFiles/cmTC_d5a68.dir/link.txt --verbose=1
/usr/local/gcc6.2/bin/gcc  -fPIC     CMakeFiles/cmTC_d5a68.dir/CheckIncludeFile.c.o  -o cmTC_d5a68 -rdynamic 
gmake[1]: Leaving directory `/home/tgeng/Stencil/Stencil3D7pt/StencilCUDA/build/CMakeFiles/CMakeTmp'


Determining if the function pthread_create exists in the pthread passed with the following output:
Change Dir: /home/tgeng/Stencil/Stencil3D7pt/StencilCUDA/build/CMakeFiles/CMakeTmp

Run Build Command:"/usr/bin/gmake" "cmTC_0f526/fast"
/usr/bin/gmake -f CMakeFiles/cmTC_0f526.dir/build.make CMakeFiles/cmTC_0f526.dir/build
gmake[1]: Entering directory `/home/tgeng/Stencil/Stencil3D7pt/StencilCUDA/build/CMakeFiles/CMakeTmp'
Building C object CMakeFiles/cmTC_0f526.dir/CheckFunctionExists.c.o
/usr/local/gcc6.2/bin/gcc    -fPIC -DCHECK_FUNCTION_EXISTS=pthread_create   -o CMakeFiles/cmTC_0f526.dir/CheckFunctionExists.c.o   -c /usr/local/share/cmake-3.5/Modules/CheckFunctionExists.c
Linking C executable cmTC_0f526
/usr/local/bin/cmake -E cmake_link_script CMakeFiles/cmTC_0f526.dir/link.txt --verbose=1
/usr/local/gcc6.2/bin/gcc  -fPIC -DCHECK_FUNCTION_EXISTS=pthread_create    CMakeFiles/cmTC_0f526.dir/CheckFunctionExists.c.o  -o cmTC_0f526 -rdynamic -lpthread 
gmake[1]: Leaving directory `/home/tgeng/Stencil/Stencil3D7pt/StencilCUDA/build/CMakeFiles/CMakeTmp'


